ARM GAS  C:\Users\migel\AppData\Local\Temp\cc9cfRAQ.s 			page 1


   1              		.cpu cortex-m4
   2              		.arch armv7e-m
   3              		.fpu fpv4-sp-d16
   4              		.eabi_attribute 27, 1
   5              		.eabi_attribute 28, 1
   6              		.eabi_attribute 20, 1
   7              		.eabi_attribute 21, 1
   8              		.eabi_attribute 23, 3
   9              		.eabi_attribute 24, 1
  10              		.eabi_attribute 25, 1
  11              		.eabi_attribute 26, 1
  12              		.eabi_attribute 30, 1
  13              		.eabi_attribute 34, 1
  14              		.eabi_attribute 18, 4
  15              		.file	"main.c"
  16              		.text
  17              	.Ltext0:
  18              		.cfi_sections	.debug_frame
  19              		.file 1 "Src/main.c"
  20              		.section	.text.MX_GPIO_Init,"ax",%progbits
  21              		.align	1
  22              		.syntax unified
  23              		.thumb
  24              		.thumb_func
  26              	MX_GPIO_Init:
  27              	.LFB131:
   1:Src/main.c    **** /* USER CODE BEGIN Header */
   2:Src/main.c    **** /**
   3:Src/main.c    ****   ******************************************************************************
   4:Src/main.c    ****   * @file           : main.c
   5:Src/main.c    ****   * @brief          : Main program body
   6:Src/main.c    ****   ******************************************************************************
   7:Src/main.c    ****   ** This notice applies to any and all portions of this file
   8:Src/main.c    ****   * that are not between comment pairs USER CODE BEGIN and
   9:Src/main.c    ****   * USER CODE END. Other portions of this file, whether
  10:Src/main.c    ****   * inserted by the user or by software development tools
  11:Src/main.c    ****   * are owned by their respective copyright owners.
  12:Src/main.c    ****   *
  13:Src/main.c    ****   * COPYRIGHT(c) 2024 STMicroelectronics
  14:Src/main.c    ****   *
  15:Src/main.c    ****   * Redistribution and use in source and binary forms, with or without modification,
  16:Src/main.c    ****   * are permitted provided that the following conditions are met:
  17:Src/main.c    ****   *   1. Redistributions of source code must retain the above copyright notice,
  18:Src/main.c    ****   *      this list of conditions and the following disclaimer.
  19:Src/main.c    ****   *   2. Redistributions in binary form must reproduce the above copyright notice,
  20:Src/main.c    ****   *      this list of conditions and the following disclaimer in the documentation
  21:Src/main.c    ****   *      and/or other materials provided with the distribution.
  22:Src/main.c    ****   *   3. Neither the name of STMicroelectronics nor the names of its contributors
  23:Src/main.c    ****   *      may be used to endorse or promote products derived from this software
  24:Src/main.c    ****   *      without specific prior written permission.
  25:Src/main.c    ****   *
  26:Src/main.c    ****   * THIS SOFTWARE IS PROVIDED BY THE COPYRIGHT HOLDERS AND CONTRIBUTORS "AS IS"
  27:Src/main.c    ****   * AND ANY EXPRESS OR IMPLIED WARRANTIES, INCLUDING, BUT NOT LIMITED TO, THE
  28:Src/main.c    ****   * IMPLIED WARRANTIES OF MERCHANTABILITY AND FITNESS FOR A PARTICULAR PURPOSE ARE
  29:Src/main.c    ****   * DISCLAIMED. IN NO EVENT SHALL THE COPYRIGHT HOLDER OR CONTRIBUTORS BE LIABLE
  30:Src/main.c    ****   * FOR ANY DIRECT, INDIRECT, INCIDENTAL, SPECIAL, EXEMPLARY, OR CONSEQUENTIAL
  31:Src/main.c    ****   * DAMAGES (INCLUDING, BUT NOT LIMITED TO, PROCUREMENT OF SUBSTITUTE GOODS OR
ARM GAS  C:\Users\migel\AppData\Local\Temp\cc9cfRAQ.s 			page 2


  32:Src/main.c    ****   * SERVICES; LOSS OF USE, DATA, OR PROFITS; OR BUSINESS INTERRUPTION) HOWEVER
  33:Src/main.c    ****   * CAUSED AND ON ANY THEORY OF LIABILITY, WHETHER IN CONTRACT, STRICT LIABILITY,
  34:Src/main.c    ****   * OR TORT (INCLUDING NEGLIGENCE OR OTHERWISE) ARISING IN ANY WAY OUT OF THE USE
  35:Src/main.c    ****   * OF THIS SOFTWARE, EVEN IF ADVISED OF THE POSSIBILITY OF SUCH DAMAGE.
  36:Src/main.c    ****   *
  37:Src/main.c    ****   ******************************************************************************
  38:Src/main.c    ****   */
  39:Src/main.c    **** /* USER CODE END Header */
  40:Src/main.c    **** 
  41:Src/main.c    **** /* Includes ------------------------------------------------------------------*/
  42:Src/main.c    **** #include "main.h"
  43:Src/main.c    **** 
  44:Src/main.c    **** /* Private includes ----------------------------------------------------------*/
  45:Src/main.c    **** /* USER CODE BEGIN Includes */
  46:Src/main.c    **** 
  47:Src/main.c    **** /* USER CODE END Includes */
  48:Src/main.c    **** 
  49:Src/main.c    **** /* Private typedef -----------------------------------------------------------*/
  50:Src/main.c    **** /* USER CODE BEGIN PTD */
  51:Src/main.c    **** 
  52:Src/main.c    **** /* USER CODE END PTD */
  53:Src/main.c    **** 
  54:Src/main.c    **** /* Private define ------------------------------------------------------------*/
  55:Src/main.c    **** /* USER CODE BEGIN PD */
  56:Src/main.c    **** 
  57:Src/main.c    **** /* USER CODE END PD */
  58:Src/main.c    **** 
  59:Src/main.c    **** /* Private macro -------------------------------------------------------------*/
  60:Src/main.c    **** /* USER CODE BEGIN PM */
  61:Src/main.c    **** 
  62:Src/main.c    **** /* USER CODE END PM */
  63:Src/main.c    **** 
  64:Src/main.c    **** /* Private variables ---------------------------------------------------------*/
  65:Src/main.c    **** I2C_HandleTypeDef hi2c1;
  66:Src/main.c    **** 
  67:Src/main.c    **** SPI_HandleTypeDef hspi1;
  68:Src/main.c    **** 
  69:Src/main.c    **** UART_HandleTypeDef huart2;
  70:Src/main.c    **** 
  71:Src/main.c    **** /* USER CODE BEGIN PV */
  72:Src/main.c    **** 
  73:Src/main.c    **** /* USER CODE END PV */
  74:Src/main.c    **** 
  75:Src/main.c    **** /* Private function prototypes -----------------------------------------------*/
  76:Src/main.c    **** void SystemClock_Config(void);
  77:Src/main.c    **** static void MX_GPIO_Init(void);
  78:Src/main.c    **** static void MX_USART2_UART_Init(void);
  79:Src/main.c    **** static void MX_I2C1_Init(void);
  80:Src/main.c    **** static void MX_SPI1_Init(void);
  81:Src/main.c    **** /* USER CODE BEGIN PFP */
  82:Src/main.c    **** 
  83:Src/main.c    **** /* USER CODE END PFP */
  84:Src/main.c    **** 
  85:Src/main.c    **** /* Private user code ---------------------------------------------------------*/
  86:Src/main.c    **** /* USER CODE BEGIN 0 */
  87:Src/main.c    **** 
  88:Src/main.c    **** /* USER CODE END 0 */
ARM GAS  C:\Users\migel\AppData\Local\Temp\cc9cfRAQ.s 			page 3


  89:Src/main.c    **** 
  90:Src/main.c    **** /**
  91:Src/main.c    ****   * @brief  The application entry point.
  92:Src/main.c    ****   * @retval int
  93:Src/main.c    ****   */
  94:Src/main.c    **** int main(void)
  95:Src/main.c    **** {
  96:Src/main.c    ****   /* USER CODE BEGIN 1 */
  97:Src/main.c    **** 
  98:Src/main.c    ****   /* USER CODE END 1 */
  99:Src/main.c    **** 
 100:Src/main.c    ****   /* MCU Configuration--------------------------------------------------------*/
 101:Src/main.c    **** 
 102:Src/main.c    ****   /* Reset of all peripherals, Initializes the Flash interface and the Systick. */
 103:Src/main.c    ****   HAL_Init();
 104:Src/main.c    **** 
 105:Src/main.c    ****   /* USER CODE BEGIN Init */
 106:Src/main.c    **** 
 107:Src/main.c    ****   /* USER CODE END Init */
 108:Src/main.c    **** 
 109:Src/main.c    ****   /* Configure the system clock */
 110:Src/main.c    ****   SystemClock_Config();
 111:Src/main.c    **** 
 112:Src/main.c    ****   /* USER CODE BEGIN SysInit */
 113:Src/main.c    **** 
 114:Src/main.c    ****   /* USER CODE END SysInit */
 115:Src/main.c    **** 
 116:Src/main.c    ****   /* Initialize all configured peripherals */
 117:Src/main.c    ****   MX_GPIO_Init();
 118:Src/main.c    ****   MX_USART2_UART_Init();
 119:Src/main.c    ****   MX_I2C1_Init();
 120:Src/main.c    ****   MX_SPI1_Init();
 121:Src/main.c    ****   /* USER CODE BEGIN 2 */
 122:Src/main.c    **** 
 123:Src/main.c    ****   /* USER CODE END 2 */
 124:Src/main.c    **** 
 125:Src/main.c    ****   /* Infinite loop */
 126:Src/main.c    ****   /* USER CODE BEGIN WHILE */
 127:Src/main.c    ****   while (1)
 128:Src/main.c    ****   {
 129:Src/main.c    ****     /* USER CODE END WHILE */
 130:Src/main.c    **** 
 131:Src/main.c    ****     /* USER CODE BEGIN 3 */
 132:Src/main.c    ****   }
 133:Src/main.c    ****   /* USER CODE END 3 */
 134:Src/main.c    **** }
 135:Src/main.c    **** 
 136:Src/main.c    **** /**
 137:Src/main.c    ****   * @brief System Clock Configuration
 138:Src/main.c    ****   * @retval None
 139:Src/main.c    ****   */
 140:Src/main.c    **** void SystemClock_Config(void)
 141:Src/main.c    **** {
 142:Src/main.c    ****   RCC_OscInitTypeDef RCC_OscInitStruct = {0};
 143:Src/main.c    ****   RCC_ClkInitTypeDef RCC_ClkInitStruct = {0};
 144:Src/main.c    **** 
 145:Src/main.c    ****   /**Configure the main internal regulator output voltage
ARM GAS  C:\Users\migel\AppData\Local\Temp\cc9cfRAQ.s 			page 4


 146:Src/main.c    ****   */
 147:Src/main.c    ****   __HAL_RCC_PWR_CLK_ENABLE();
 148:Src/main.c    ****   __HAL_PWR_VOLTAGESCALING_CONFIG(PWR_REGULATOR_VOLTAGE_SCALE2);
 149:Src/main.c    ****   /**Initializes the CPU, AHB and APB busses clocks
 150:Src/main.c    ****   */
 151:Src/main.c    ****   RCC_OscInitStruct.OscillatorType = RCC_OSCILLATORTYPE_HSI;
 152:Src/main.c    ****   RCC_OscInitStruct.HSIState = RCC_HSI_ON;
 153:Src/main.c    ****   RCC_OscInitStruct.HSICalibrationValue = RCC_HSICALIBRATION_DEFAULT;
 154:Src/main.c    ****   RCC_OscInitStruct.PLL.PLLState = RCC_PLL_ON;
 155:Src/main.c    ****   RCC_OscInitStruct.PLL.PLLSource = RCC_PLLSOURCE_HSI;
 156:Src/main.c    ****   RCC_OscInitStruct.PLL.PLLM = 16;
 157:Src/main.c    ****   RCC_OscInitStruct.PLL.PLLN = 336;
 158:Src/main.c    ****   RCC_OscInitStruct.PLL.PLLP = RCC_PLLP_DIV4;
 159:Src/main.c    ****   RCC_OscInitStruct.PLL.PLLQ = 7;
 160:Src/main.c    ****   if (HAL_RCC_OscConfig(&RCC_OscInitStruct) != HAL_OK)
 161:Src/main.c    ****   {
 162:Src/main.c    ****     Error_Handler();
 163:Src/main.c    ****   }
 164:Src/main.c    ****   /**Initializes the CPU, AHB and APB busses clocks
 165:Src/main.c    ****   */
 166:Src/main.c    ****   RCC_ClkInitStruct.ClockType = RCC_CLOCKTYPE_HCLK|RCC_CLOCKTYPE_SYSCLK
 167:Src/main.c    ****                               |RCC_CLOCKTYPE_PCLK1|RCC_CLOCKTYPE_PCLK2;
 168:Src/main.c    ****   RCC_ClkInitStruct.SYSCLKSource = RCC_SYSCLKSOURCE_PLLCLK;
 169:Src/main.c    ****   RCC_ClkInitStruct.AHBCLKDivider = RCC_SYSCLK_DIV1;
 170:Src/main.c    ****   RCC_ClkInitStruct.APB1CLKDivider = RCC_HCLK_DIV2;
 171:Src/main.c    ****   RCC_ClkInitStruct.APB2CLKDivider = RCC_HCLK_DIV1;
 172:Src/main.c    **** 
 173:Src/main.c    ****   if (HAL_RCC_ClockConfig(&RCC_ClkInitStruct, FLASH_LATENCY_2) != HAL_OK)
 174:Src/main.c    ****   {
 175:Src/main.c    ****     Error_Handler();
 176:Src/main.c    ****   }
 177:Src/main.c    **** }
 178:Src/main.c    **** 
 179:Src/main.c    **** /**
 180:Src/main.c    ****   * @brief I2C1 Initialization Function
 181:Src/main.c    ****   * @param None
 182:Src/main.c    ****   * @retval None
 183:Src/main.c    ****   */
 184:Src/main.c    **** static void MX_I2C1_Init(void)
 185:Src/main.c    **** {
 186:Src/main.c    **** 
 187:Src/main.c    ****   /* USER CODE BEGIN I2C1_Init 0 */
 188:Src/main.c    **** 
 189:Src/main.c    ****   /* USER CODE END I2C1_Init 0 */
 190:Src/main.c    **** 
 191:Src/main.c    ****   /* USER CODE BEGIN I2C1_Init 1 */
 192:Src/main.c    **** 
 193:Src/main.c    ****   /* USER CODE END I2C1_Init 1 */
 194:Src/main.c    ****   hi2c1.Instance = I2C1;
 195:Src/main.c    ****   hi2c1.Init.ClockSpeed = 100000;
 196:Src/main.c    ****   hi2c1.Init.DutyCycle = I2C_DUTYCYCLE_2;
 197:Src/main.c    ****   hi2c1.Init.OwnAddress1 = 0;
 198:Src/main.c    ****   hi2c1.Init.AddressingMode = I2C_ADDRESSINGMODE_7BIT;
 199:Src/main.c    ****   hi2c1.Init.DualAddressMode = I2C_DUALADDRESS_DISABLE;
 200:Src/main.c    ****   hi2c1.Init.OwnAddress2 = 0;
 201:Src/main.c    ****   hi2c1.Init.GeneralCallMode = I2C_GENERALCALL_DISABLE;
 202:Src/main.c    ****   hi2c1.Init.NoStretchMode = I2C_NOSTRETCH_DISABLE;
ARM GAS  C:\Users\migel\AppData\Local\Temp\cc9cfRAQ.s 			page 5


 203:Src/main.c    ****   if (HAL_I2C_Init(&hi2c1) != HAL_OK)
 204:Src/main.c    ****   {
 205:Src/main.c    ****     Error_Handler();
 206:Src/main.c    ****   }
 207:Src/main.c    ****   /* USER CODE BEGIN I2C1_Init 2 */
 208:Src/main.c    **** 
 209:Src/main.c    ****   /* USER CODE END I2C1_Init 2 */
 210:Src/main.c    **** 
 211:Src/main.c    **** }
 212:Src/main.c    **** 
 213:Src/main.c    **** /**
 214:Src/main.c    ****   * @brief SPI1 Initialization Function
 215:Src/main.c    ****   * @param None
 216:Src/main.c    ****   * @retval None
 217:Src/main.c    ****   */
 218:Src/main.c    **** static void MX_SPI1_Init(void)
 219:Src/main.c    **** {
 220:Src/main.c    **** 
 221:Src/main.c    ****   /* USER CODE BEGIN SPI1_Init 0 */
 222:Src/main.c    **** 
 223:Src/main.c    ****   /* USER CODE END SPI1_Init 0 */
 224:Src/main.c    **** 
 225:Src/main.c    ****   /* USER CODE BEGIN SPI1_Init 1 */
 226:Src/main.c    **** 
 227:Src/main.c    ****   /* USER CODE END SPI1_Init 1 */
 228:Src/main.c    ****   /* SPI1 parameter configuration*/
 229:Src/main.c    ****   hspi1.Instance = SPI1;
 230:Src/main.c    ****   hspi1.Init.Mode = SPI_MODE_MASTER;
 231:Src/main.c    ****   hspi1.Init.Direction = SPI_DIRECTION_2LINES;
 232:Src/main.c    ****   hspi1.Init.DataSize = SPI_DATASIZE_8BIT;
 233:Src/main.c    ****   hspi1.Init.CLKPolarity = SPI_POLARITY_LOW;
 234:Src/main.c    ****   hspi1.Init.CLKPhase = SPI_PHASE_1EDGE;
 235:Src/main.c    ****   hspi1.Init.NSS = SPI_NSS_SOFT;
 236:Src/main.c    ****   hspi1.Init.BaudRatePrescaler = SPI_BAUDRATEPRESCALER_32;
 237:Src/main.c    ****   hspi1.Init.FirstBit = SPI_FIRSTBIT_MSB;
 238:Src/main.c    ****   hspi1.Init.TIMode = SPI_TIMODE_DISABLE;
 239:Src/main.c    ****   hspi1.Init.CRCCalculation = SPI_CRCCALCULATION_DISABLE;
 240:Src/main.c    ****   hspi1.Init.CRCPolynomial = 10;
 241:Src/main.c    ****   if (HAL_SPI_Init(&hspi1) != HAL_OK)
 242:Src/main.c    ****   {
 243:Src/main.c    ****     Error_Handler();
 244:Src/main.c    ****   }
 245:Src/main.c    ****   /* USER CODE BEGIN SPI1_Init 2 */
 246:Src/main.c    **** 
 247:Src/main.c    ****   /* USER CODE END SPI1_Init 2 */
 248:Src/main.c    **** 
 249:Src/main.c    **** }
 250:Src/main.c    **** 
 251:Src/main.c    **** /**
 252:Src/main.c    ****   * @brief USART2 Initialization Function
 253:Src/main.c    ****   * @param None
 254:Src/main.c    ****   * @retval None
 255:Src/main.c    ****   */
 256:Src/main.c    **** static void MX_USART2_UART_Init(void)
 257:Src/main.c    **** {
 258:Src/main.c    **** 
 259:Src/main.c    ****   /* USER CODE BEGIN USART2_Init 0 */
ARM GAS  C:\Users\migel\AppData\Local\Temp\cc9cfRAQ.s 			page 6


 260:Src/main.c    **** 
 261:Src/main.c    ****   /* USER CODE END USART2_Init 0 */
 262:Src/main.c    **** 
 263:Src/main.c    ****   /* USER CODE BEGIN USART2_Init 1 */
 264:Src/main.c    **** 
 265:Src/main.c    ****   /* USER CODE END USART2_Init 1 */
 266:Src/main.c    ****   huart2.Instance = USART2;
 267:Src/main.c    ****   huart2.Init.BaudRate = 115200;
 268:Src/main.c    ****   huart2.Init.WordLength = UART_WORDLENGTH_8B;
 269:Src/main.c    ****   huart2.Init.StopBits = UART_STOPBITS_1;
 270:Src/main.c    ****   huart2.Init.Parity = UART_PARITY_NONE;
 271:Src/main.c    ****   huart2.Init.Mode = UART_MODE_TX_RX;
 272:Src/main.c    ****   huart2.Init.HwFlowCtl = UART_HWCONTROL_NONE;
 273:Src/main.c    ****   huart2.Init.OverSampling = UART_OVERSAMPLING_16;
 274:Src/main.c    ****   if (HAL_UART_Init(&huart2) != HAL_OK)
 275:Src/main.c    ****   {
 276:Src/main.c    ****     Error_Handler();
 277:Src/main.c    ****   }
 278:Src/main.c    ****   /* USER CODE BEGIN USART2_Init 2 */
 279:Src/main.c    **** 
 280:Src/main.c    ****   /* USER CODE END USART2_Init 2 */
 281:Src/main.c    **** 
 282:Src/main.c    **** }
 283:Src/main.c    **** 
 284:Src/main.c    **** /**
 285:Src/main.c    ****   * @brief GPIO Initialization Function
 286:Src/main.c    ****   * @param None
 287:Src/main.c    ****   * @retval None
 288:Src/main.c    ****   */
 289:Src/main.c    **** static void MX_GPIO_Init(void)
 290:Src/main.c    **** {
  28              		.loc 1 290 1 view -0
  29              		.cfi_startproc
  30              		@ args = 0, pretend = 0, frame = 40
  31              		@ frame_needed = 0, uses_anonymous_args = 0
  32 0000 F0B5     		push	{r4, r5, r6, r7, lr}
  33              	.LCFI0:
  34              		.cfi_def_cfa_offset 20
  35              		.cfi_offset 4, -20
  36              		.cfi_offset 5, -16
  37              		.cfi_offset 6, -12
  38              		.cfi_offset 7, -8
  39              		.cfi_offset 14, -4
  40 0002 8BB0     		sub	sp, sp, #44
  41              	.LCFI1:
  42              		.cfi_def_cfa_offset 64
 291:Src/main.c    ****   GPIO_InitTypeDef GPIO_InitStruct = {0};
  43              		.loc 1 291 3 view .LVU1
  44              		.loc 1 291 20 is_stmt 0 view .LVU2
  45 0004 0024     		movs	r4, #0
  46 0006 0594     		str	r4, [sp, #20]
  47 0008 0694     		str	r4, [sp, #24]
  48 000a 0794     		str	r4, [sp, #28]
  49 000c 0894     		str	r4, [sp, #32]
  50 000e 0994     		str	r4, [sp, #36]
 292:Src/main.c    **** 
 293:Src/main.c    ****   /* GPIO Ports Clock Enable */
ARM GAS  C:\Users\migel\AppData\Local\Temp\cc9cfRAQ.s 			page 7


 294:Src/main.c    ****   __HAL_RCC_GPIOC_CLK_ENABLE();
  51              		.loc 1 294 3 is_stmt 1 view .LVU3
  52              	.LBB2:
  53              		.loc 1 294 3 view .LVU4
  54 0010 0194     		str	r4, [sp, #4]
  55              		.loc 1 294 3 view .LVU5
  56 0012 2A4B     		ldr	r3, .L3
  57 0014 1A6B     		ldr	r2, [r3, #48]
  58 0016 42F00402 		orr	r2, r2, #4
  59 001a 1A63     		str	r2, [r3, #48]
  60              		.loc 1 294 3 view .LVU6
  61 001c 1A6B     		ldr	r2, [r3, #48]
  62 001e 02F00402 		and	r2, r2, #4
  63 0022 0192     		str	r2, [sp, #4]
  64              		.loc 1 294 3 view .LVU7
  65 0024 019A     		ldr	r2, [sp, #4]
  66              	.LBE2:
  67              		.loc 1 294 3 view .LVU8
 295:Src/main.c    ****   __HAL_RCC_GPIOH_CLK_ENABLE();
  68              		.loc 1 295 3 view .LVU9
  69              	.LBB3:
  70              		.loc 1 295 3 view .LVU10
  71 0026 0294     		str	r4, [sp, #8]
  72              		.loc 1 295 3 view .LVU11
  73 0028 1A6B     		ldr	r2, [r3, #48]
  74 002a 42F08002 		orr	r2, r2, #128
  75 002e 1A63     		str	r2, [r3, #48]
  76              		.loc 1 295 3 view .LVU12
  77 0030 1A6B     		ldr	r2, [r3, #48]
  78 0032 02F08002 		and	r2, r2, #128
  79 0036 0292     		str	r2, [sp, #8]
  80              		.loc 1 295 3 view .LVU13
  81 0038 029A     		ldr	r2, [sp, #8]
  82              	.LBE3:
  83              		.loc 1 295 3 view .LVU14
 296:Src/main.c    ****   __HAL_RCC_GPIOA_CLK_ENABLE();
  84              		.loc 1 296 3 view .LVU15
  85              	.LBB4:
  86              		.loc 1 296 3 view .LVU16
  87 003a 0394     		str	r4, [sp, #12]
  88              		.loc 1 296 3 view .LVU17
  89 003c 1A6B     		ldr	r2, [r3, #48]
  90 003e 42F00102 		orr	r2, r2, #1
  91 0042 1A63     		str	r2, [r3, #48]
  92              		.loc 1 296 3 view .LVU18
  93 0044 1A6B     		ldr	r2, [r3, #48]
  94 0046 02F00102 		and	r2, r2, #1
  95 004a 0392     		str	r2, [sp, #12]
  96              		.loc 1 296 3 view .LVU19
  97 004c 039A     		ldr	r2, [sp, #12]
  98              	.LBE4:
  99              		.loc 1 296 3 view .LVU20
 297:Src/main.c    ****   __HAL_RCC_GPIOB_CLK_ENABLE();
 100              		.loc 1 297 3 view .LVU21
 101              	.LBB5:
 102              		.loc 1 297 3 view .LVU22
 103 004e 0494     		str	r4, [sp, #16]
ARM GAS  C:\Users\migel\AppData\Local\Temp\cc9cfRAQ.s 			page 8


 104              		.loc 1 297 3 view .LVU23
 105 0050 1A6B     		ldr	r2, [r3, #48]
 106 0052 42F00202 		orr	r2, r2, #2
 107 0056 1A63     		str	r2, [r3, #48]
 108              		.loc 1 297 3 view .LVU24
 109 0058 1B6B     		ldr	r3, [r3, #48]
 110 005a 03F00203 		and	r3, r3, #2
 111 005e 0493     		str	r3, [sp, #16]
 112              		.loc 1 297 3 view .LVU25
 113 0060 049B     		ldr	r3, [sp, #16]
 114              	.LBE5:
 115              		.loc 1 297 3 view .LVU26
 298:Src/main.c    **** 
 299:Src/main.c    ****   /*Configure GPIO pin Output Level */
 300:Src/main.c    ****   HAL_GPIO_WritePin(GPIOA, LD2_Pin|GPIO_PIN_9, GPIO_PIN_RESET);
 116              		.loc 1 300 3 view .LVU27
 117 0062 174F     		ldr	r7, .L3+4
 118 0064 2246     		mov	r2, r4
 119 0066 4FF40871 		mov	r1, #544
 120 006a 3846     		mov	r0, r7
 121 006c FFF7FEFF 		bl	HAL_GPIO_WritePin
 122              	.LVL0:
 301:Src/main.c    **** 
 302:Src/main.c    ****   /*Configure GPIO pin Output Level */
 303:Src/main.c    ****   HAL_GPIO_WritePin(GPIOC, GPIO_PIN_7, GPIO_PIN_RESET);
 123              		.loc 1 303 3 view .LVU28
 124 0070 144D     		ldr	r5, .L3+8
 125 0072 2246     		mov	r2, r4
 126 0074 8021     		movs	r1, #128
 127 0076 2846     		mov	r0, r5
 128 0078 FFF7FEFF 		bl	HAL_GPIO_WritePin
 129              	.LVL1:
 304:Src/main.c    **** 
 305:Src/main.c    ****   /*Configure GPIO pin : B1_Pin */
 306:Src/main.c    ****   GPIO_InitStruct.Pin = B1_Pin;
 130              		.loc 1 306 3 view .LVU29
 131              		.loc 1 306 23 is_stmt 0 view .LVU30
 132 007c 4FF40053 		mov	r3, #8192
 133 0080 0593     		str	r3, [sp, #20]
 307:Src/main.c    ****   GPIO_InitStruct.Mode = GPIO_MODE_IT_FALLING;
 134              		.loc 1 307 3 is_stmt 1 view .LVU31
 135              		.loc 1 307 24 is_stmt 0 view .LVU32
 136 0082 114B     		ldr	r3, .L3+12
 137 0084 0693     		str	r3, [sp, #24]
 308:Src/main.c    ****   GPIO_InitStruct.Pull = GPIO_NOPULL;
 138              		.loc 1 308 3 is_stmt 1 view .LVU33
 139              		.loc 1 308 24 is_stmt 0 view .LVU34
 140 0086 0794     		str	r4, [sp, #28]
 309:Src/main.c    ****   HAL_GPIO_Init(B1_GPIO_Port, &GPIO_InitStruct);
 141              		.loc 1 309 3 is_stmt 1 view .LVU35
 142 0088 05A9     		add	r1, sp, #20
 143 008a 2846     		mov	r0, r5
 144 008c FFF7FEFF 		bl	HAL_GPIO_Init
 145              	.LVL2:
 310:Src/main.c    **** 
 311:Src/main.c    ****   /*Configure GPIO pins : LD2_Pin PA9 */
 312:Src/main.c    ****   GPIO_InitStruct.Pin = LD2_Pin|GPIO_PIN_9;
ARM GAS  C:\Users\migel\AppData\Local\Temp\cc9cfRAQ.s 			page 9


 146              		.loc 1 312 3 view .LVU36
 147              		.loc 1 312 23 is_stmt 0 view .LVU37
 148 0090 4FF40873 		mov	r3, #544
 149 0094 0593     		str	r3, [sp, #20]
 313:Src/main.c    ****   GPIO_InitStruct.Mode = GPIO_MODE_OUTPUT_PP;
 150              		.loc 1 313 3 is_stmt 1 view .LVU38
 151              		.loc 1 313 24 is_stmt 0 view .LVU39
 152 0096 0126     		movs	r6, #1
 153 0098 0696     		str	r6, [sp, #24]
 314:Src/main.c    ****   GPIO_InitStruct.Pull = GPIO_NOPULL;
 154              		.loc 1 314 3 is_stmt 1 view .LVU40
 155              		.loc 1 314 24 is_stmt 0 view .LVU41
 156 009a 0794     		str	r4, [sp, #28]
 315:Src/main.c    ****   GPIO_InitStruct.Speed = GPIO_SPEED_FREQ_LOW;
 157              		.loc 1 315 3 is_stmt 1 view .LVU42
 158              		.loc 1 315 25 is_stmt 0 view .LVU43
 159 009c 0894     		str	r4, [sp, #32]
 316:Src/main.c    ****   HAL_GPIO_Init(GPIOA, &GPIO_InitStruct);
 160              		.loc 1 316 3 is_stmt 1 view .LVU44
 161 009e 05A9     		add	r1, sp, #20
 162 00a0 3846     		mov	r0, r7
 163 00a2 FFF7FEFF 		bl	HAL_GPIO_Init
 164              	.LVL3:
 317:Src/main.c    **** 
 318:Src/main.c    ****   /*Configure GPIO pin : PC7 */
 319:Src/main.c    ****   GPIO_InitStruct.Pin = GPIO_PIN_7;
 165              		.loc 1 319 3 view .LVU45
 166              		.loc 1 319 23 is_stmt 0 view .LVU46
 167 00a6 8023     		movs	r3, #128
 168 00a8 0593     		str	r3, [sp, #20]
 320:Src/main.c    ****   GPIO_InitStruct.Mode = GPIO_MODE_OUTPUT_PP;
 169              		.loc 1 320 3 is_stmt 1 view .LVU47
 170              		.loc 1 320 24 is_stmt 0 view .LVU48
 171 00aa 0696     		str	r6, [sp, #24]
 321:Src/main.c    ****   GPIO_InitStruct.Pull = GPIO_NOPULL;
 172              		.loc 1 321 3 is_stmt 1 view .LVU49
 173              		.loc 1 321 24 is_stmt 0 view .LVU50
 174 00ac 0794     		str	r4, [sp, #28]
 322:Src/main.c    ****   GPIO_InitStruct.Speed = GPIO_SPEED_FREQ_LOW;
 175              		.loc 1 322 3 is_stmt 1 view .LVU51
 176              		.loc 1 322 25 is_stmt 0 view .LVU52
 177 00ae 0894     		str	r4, [sp, #32]
 323:Src/main.c    ****   HAL_GPIO_Init(GPIOC, &GPIO_InitStruct);
 178              		.loc 1 323 3 is_stmt 1 view .LVU53
 179 00b0 05A9     		add	r1, sp, #20
 180 00b2 2846     		mov	r0, r5
 181 00b4 FFF7FEFF 		bl	HAL_GPIO_Init
 182              	.LVL4:
 324:Src/main.c    **** 
 325:Src/main.c    **** }
 183              		.loc 1 325 1 is_stmt 0 view .LVU54
 184 00b8 0BB0     		add	sp, sp, #44
 185              	.LCFI2:
 186              		.cfi_def_cfa_offset 20
 187              		@ sp needed
 188 00ba F0BD     		pop	{r4, r5, r6, r7, pc}
 189              	.L4:
ARM GAS  C:\Users\migel\AppData\Local\Temp\cc9cfRAQ.s 			page 10


 190              		.align	2
 191              	.L3:
 192 00bc 00380240 		.word	1073887232
 193 00c0 00000240 		.word	1073872896
 194 00c4 00080240 		.word	1073874944
 195 00c8 00002110 		.word	270598144
 196              		.cfi_endproc
 197              	.LFE131:
 199              		.section	.text.MX_USART2_UART_Init,"ax",%progbits
 200              		.align	1
 201              		.syntax unified
 202              		.thumb
 203              		.thumb_func
 205              	MX_USART2_UART_Init:
 206              	.LFB130:
 257:Src/main.c    **** 
 207              		.loc 1 257 1 is_stmt 1 view -0
 208              		.cfi_startproc
 209              		@ args = 0, pretend = 0, frame = 0
 210              		@ frame_needed = 0, uses_anonymous_args = 0
 211 0000 08B5     		push	{r3, lr}
 212              	.LCFI3:
 213              		.cfi_def_cfa_offset 8
 214              		.cfi_offset 3, -8
 215              		.cfi_offset 14, -4
 266:Src/main.c    ****   huart2.Init.BaudRate = 115200;
 216              		.loc 1 266 3 view .LVU56
 266:Src/main.c    ****   huart2.Init.BaudRate = 115200;
 217              		.loc 1 266 19 is_stmt 0 view .LVU57
 218 0002 0848     		ldr	r0, .L7
 219 0004 084B     		ldr	r3, .L7+4
 220 0006 0360     		str	r3, [r0]
 267:Src/main.c    ****   huart2.Init.WordLength = UART_WORDLENGTH_8B;
 221              		.loc 1 267 3 is_stmt 1 view .LVU58
 267:Src/main.c    ****   huart2.Init.WordLength = UART_WORDLENGTH_8B;
 222              		.loc 1 267 24 is_stmt 0 view .LVU59
 223 0008 4FF4E133 		mov	r3, #115200
 224 000c 4360     		str	r3, [r0, #4]
 268:Src/main.c    ****   huart2.Init.StopBits = UART_STOPBITS_1;
 225              		.loc 1 268 3 is_stmt 1 view .LVU60
 268:Src/main.c    ****   huart2.Init.StopBits = UART_STOPBITS_1;
 226              		.loc 1 268 26 is_stmt 0 view .LVU61
 227 000e 0023     		movs	r3, #0
 228 0010 8360     		str	r3, [r0, #8]
 269:Src/main.c    ****   huart2.Init.Parity = UART_PARITY_NONE;
 229              		.loc 1 269 3 is_stmt 1 view .LVU62
 269:Src/main.c    ****   huart2.Init.Parity = UART_PARITY_NONE;
 230              		.loc 1 269 24 is_stmt 0 view .LVU63
 231 0012 C360     		str	r3, [r0, #12]
 270:Src/main.c    ****   huart2.Init.Mode = UART_MODE_TX_RX;
 232              		.loc 1 270 3 is_stmt 1 view .LVU64
 270:Src/main.c    ****   huart2.Init.Mode = UART_MODE_TX_RX;
 233              		.loc 1 270 22 is_stmt 0 view .LVU65
 234 0014 0361     		str	r3, [r0, #16]
 271:Src/main.c    ****   huart2.Init.HwFlowCtl = UART_HWCONTROL_NONE;
 235              		.loc 1 271 3 is_stmt 1 view .LVU66
 271:Src/main.c    ****   huart2.Init.HwFlowCtl = UART_HWCONTROL_NONE;
ARM GAS  C:\Users\migel\AppData\Local\Temp\cc9cfRAQ.s 			page 11


 236              		.loc 1 271 20 is_stmt 0 view .LVU67
 237 0016 0C22     		movs	r2, #12
 238 0018 4261     		str	r2, [r0, #20]
 272:Src/main.c    ****   huart2.Init.OverSampling = UART_OVERSAMPLING_16;
 239              		.loc 1 272 3 is_stmt 1 view .LVU68
 272:Src/main.c    ****   huart2.Init.OverSampling = UART_OVERSAMPLING_16;
 240              		.loc 1 272 25 is_stmt 0 view .LVU69
 241 001a 8361     		str	r3, [r0, #24]
 273:Src/main.c    ****   if (HAL_UART_Init(&huart2) != HAL_OK)
 242              		.loc 1 273 3 is_stmt 1 view .LVU70
 273:Src/main.c    ****   if (HAL_UART_Init(&huart2) != HAL_OK)
 243              		.loc 1 273 28 is_stmt 0 view .LVU71
 244 001c C361     		str	r3, [r0, #28]
 274:Src/main.c    ****   {
 245              		.loc 1 274 3 is_stmt 1 view .LVU72
 274:Src/main.c    ****   {
 246              		.loc 1 274 7 is_stmt 0 view .LVU73
 247 001e FFF7FEFF 		bl	HAL_UART_Init
 248              	.LVL5:
 276:Src/main.c    ****   }
 249              		.loc 1 276 5 is_stmt 1 view .LVU74
 282:Src/main.c    **** 
 250              		.loc 1 282 1 is_stmt 0 view .LVU75
 251 0022 08BD     		pop	{r3, pc}
 252              	.L8:
 253              		.align	2
 254              	.L7:
 255 0024 00000000 		.word	huart2
 256 0028 00440040 		.word	1073759232
 257              		.cfi_endproc
 258              	.LFE130:
 260              		.section	.text.MX_I2C1_Init,"ax",%progbits
 261              		.align	1
 262              		.syntax unified
 263              		.thumb
 264              		.thumb_func
 266              	MX_I2C1_Init:
 267              	.LFB128:
 185:Src/main.c    **** 
 268              		.loc 1 185 1 is_stmt 1 view -0
 269              		.cfi_startproc
 270              		@ args = 0, pretend = 0, frame = 0
 271              		@ frame_needed = 0, uses_anonymous_args = 0
 272 0000 08B5     		push	{r3, lr}
 273              	.LCFI4:
 274              		.cfi_def_cfa_offset 8
 275              		.cfi_offset 3, -8
 276              		.cfi_offset 14, -4
 194:Src/main.c    ****   hi2c1.Init.ClockSpeed = 100000;
 277              		.loc 1 194 3 view .LVU77
 194:Src/main.c    ****   hi2c1.Init.ClockSpeed = 100000;
 278              		.loc 1 194 18 is_stmt 0 view .LVU78
 279 0002 0948     		ldr	r0, .L11
 280 0004 094B     		ldr	r3, .L11+4
 281 0006 0360     		str	r3, [r0]
 195:Src/main.c    ****   hi2c1.Init.DutyCycle = I2C_DUTYCYCLE_2;
 282              		.loc 1 195 3 is_stmt 1 view .LVU79
ARM GAS  C:\Users\migel\AppData\Local\Temp\cc9cfRAQ.s 			page 12


 195:Src/main.c    ****   hi2c1.Init.DutyCycle = I2C_DUTYCYCLE_2;
 283              		.loc 1 195 25 is_stmt 0 view .LVU80
 284 0008 094B     		ldr	r3, .L11+8
 285 000a 4360     		str	r3, [r0, #4]
 196:Src/main.c    ****   hi2c1.Init.OwnAddress1 = 0;
 286              		.loc 1 196 3 is_stmt 1 view .LVU81
 196:Src/main.c    ****   hi2c1.Init.OwnAddress1 = 0;
 287              		.loc 1 196 24 is_stmt 0 view .LVU82
 288 000c 0023     		movs	r3, #0
 289 000e 8360     		str	r3, [r0, #8]
 197:Src/main.c    ****   hi2c1.Init.AddressingMode = I2C_ADDRESSINGMODE_7BIT;
 290              		.loc 1 197 3 is_stmt 1 view .LVU83
 197:Src/main.c    ****   hi2c1.Init.AddressingMode = I2C_ADDRESSINGMODE_7BIT;
 291              		.loc 1 197 26 is_stmt 0 view .LVU84
 292 0010 C360     		str	r3, [r0, #12]
 198:Src/main.c    ****   hi2c1.Init.DualAddressMode = I2C_DUALADDRESS_DISABLE;
 293              		.loc 1 198 3 is_stmt 1 view .LVU85
 198:Src/main.c    ****   hi2c1.Init.DualAddressMode = I2C_DUALADDRESS_DISABLE;
 294              		.loc 1 198 29 is_stmt 0 view .LVU86
 295 0012 4FF48042 		mov	r2, #16384
 296 0016 0261     		str	r2, [r0, #16]
 199:Src/main.c    ****   hi2c1.Init.OwnAddress2 = 0;
 297              		.loc 1 199 3 is_stmt 1 view .LVU87
 199:Src/main.c    ****   hi2c1.Init.OwnAddress2 = 0;
 298              		.loc 1 199 30 is_stmt 0 view .LVU88
 299 0018 4361     		str	r3, [r0, #20]
 200:Src/main.c    ****   hi2c1.Init.GeneralCallMode = I2C_GENERALCALL_DISABLE;
 300              		.loc 1 200 3 is_stmt 1 view .LVU89
 200:Src/main.c    ****   hi2c1.Init.GeneralCallMode = I2C_GENERALCALL_DISABLE;
 301              		.loc 1 200 26 is_stmt 0 view .LVU90
 302 001a 8361     		str	r3, [r0, #24]
 201:Src/main.c    ****   hi2c1.Init.NoStretchMode = I2C_NOSTRETCH_DISABLE;
 303              		.loc 1 201 3 is_stmt 1 view .LVU91
 201:Src/main.c    ****   hi2c1.Init.NoStretchMode = I2C_NOSTRETCH_DISABLE;
 304              		.loc 1 201 30 is_stmt 0 view .LVU92
 305 001c C361     		str	r3, [r0, #28]
 202:Src/main.c    ****   if (HAL_I2C_Init(&hi2c1) != HAL_OK)
 306              		.loc 1 202 3 is_stmt 1 view .LVU93
 202:Src/main.c    ****   if (HAL_I2C_Init(&hi2c1) != HAL_OK)
 307              		.loc 1 202 28 is_stmt 0 view .LVU94
 308 001e 0362     		str	r3, [r0, #32]
 203:Src/main.c    ****   {
 309              		.loc 1 203 3 is_stmt 1 view .LVU95
 203:Src/main.c    ****   {
 310              		.loc 1 203 7 is_stmt 0 view .LVU96
 311 0020 FFF7FEFF 		bl	HAL_I2C_Init
 312              	.LVL6:
 205:Src/main.c    ****   }
 313              		.loc 1 205 5 is_stmt 1 view .LVU97
 211:Src/main.c    **** 
 314              		.loc 1 211 1 is_stmt 0 view .LVU98
 315 0024 08BD     		pop	{r3, pc}
 316              	.L12:
 317 0026 00BF     		.align	2
 318              	.L11:
 319 0028 00000000 		.word	hi2c1
 320 002c 00540040 		.word	1073763328
ARM GAS  C:\Users\migel\AppData\Local\Temp\cc9cfRAQ.s 			page 13


 321 0030 A0860100 		.word	100000
 322              		.cfi_endproc
 323              	.LFE128:
 325              		.section	.text.MX_SPI1_Init,"ax",%progbits
 326              		.align	1
 327              		.syntax unified
 328              		.thumb
 329              		.thumb_func
 331              	MX_SPI1_Init:
 332              	.LFB129:
 219:Src/main.c    **** 
 333              		.loc 1 219 1 is_stmt 1 view -0
 334              		.cfi_startproc
 335              		@ args = 0, pretend = 0, frame = 0
 336              		@ frame_needed = 0, uses_anonymous_args = 0
 337 0000 08B5     		push	{r3, lr}
 338              	.LCFI5:
 339              		.cfi_def_cfa_offset 8
 340              		.cfi_offset 3, -8
 341              		.cfi_offset 14, -4
 229:Src/main.c    ****   hspi1.Init.Mode = SPI_MODE_MASTER;
 342              		.loc 1 229 3 view .LVU100
 229:Src/main.c    ****   hspi1.Init.Mode = SPI_MODE_MASTER;
 343              		.loc 1 229 18 is_stmt 0 view .LVU101
 344 0002 0C48     		ldr	r0, .L15
 345 0004 0C4B     		ldr	r3, .L15+4
 346 0006 0360     		str	r3, [r0]
 230:Src/main.c    ****   hspi1.Init.Direction = SPI_DIRECTION_2LINES;
 347              		.loc 1 230 3 is_stmt 1 view .LVU102
 230:Src/main.c    ****   hspi1.Init.Direction = SPI_DIRECTION_2LINES;
 348              		.loc 1 230 19 is_stmt 0 view .LVU103
 349 0008 4FF48273 		mov	r3, #260
 350 000c 4360     		str	r3, [r0, #4]
 231:Src/main.c    ****   hspi1.Init.DataSize = SPI_DATASIZE_8BIT;
 351              		.loc 1 231 3 is_stmt 1 view .LVU104
 231:Src/main.c    ****   hspi1.Init.DataSize = SPI_DATASIZE_8BIT;
 352              		.loc 1 231 24 is_stmt 0 view .LVU105
 353 000e 0023     		movs	r3, #0
 354 0010 8360     		str	r3, [r0, #8]
 232:Src/main.c    ****   hspi1.Init.CLKPolarity = SPI_POLARITY_LOW;
 355              		.loc 1 232 3 is_stmt 1 view .LVU106
 232:Src/main.c    ****   hspi1.Init.CLKPolarity = SPI_POLARITY_LOW;
 356              		.loc 1 232 23 is_stmt 0 view .LVU107
 357 0012 C360     		str	r3, [r0, #12]
 233:Src/main.c    ****   hspi1.Init.CLKPhase = SPI_PHASE_1EDGE;
 358              		.loc 1 233 3 is_stmt 1 view .LVU108
 233:Src/main.c    ****   hspi1.Init.CLKPhase = SPI_PHASE_1EDGE;
 359              		.loc 1 233 26 is_stmt 0 view .LVU109
 360 0014 0361     		str	r3, [r0, #16]
 234:Src/main.c    ****   hspi1.Init.NSS = SPI_NSS_SOFT;
 361              		.loc 1 234 3 is_stmt 1 view .LVU110
 234:Src/main.c    ****   hspi1.Init.NSS = SPI_NSS_SOFT;
 362              		.loc 1 234 23 is_stmt 0 view .LVU111
 363 0016 4361     		str	r3, [r0, #20]
 235:Src/main.c    ****   hspi1.Init.BaudRatePrescaler = SPI_BAUDRATEPRESCALER_32;
 364              		.loc 1 235 3 is_stmt 1 view .LVU112
 235:Src/main.c    ****   hspi1.Init.BaudRatePrescaler = SPI_BAUDRATEPRESCALER_32;
ARM GAS  C:\Users\migel\AppData\Local\Temp\cc9cfRAQ.s 			page 14


 365              		.loc 1 235 18 is_stmt 0 view .LVU113
 366 0018 4FF40072 		mov	r2, #512
 367 001c 8261     		str	r2, [r0, #24]
 236:Src/main.c    ****   hspi1.Init.FirstBit = SPI_FIRSTBIT_MSB;
 368              		.loc 1 236 3 is_stmt 1 view .LVU114
 236:Src/main.c    ****   hspi1.Init.FirstBit = SPI_FIRSTBIT_MSB;
 369              		.loc 1 236 32 is_stmt 0 view .LVU115
 370 001e 2022     		movs	r2, #32
 371 0020 C261     		str	r2, [r0, #28]
 237:Src/main.c    ****   hspi1.Init.TIMode = SPI_TIMODE_DISABLE;
 372              		.loc 1 237 3 is_stmt 1 view .LVU116
 237:Src/main.c    ****   hspi1.Init.TIMode = SPI_TIMODE_DISABLE;
 373              		.loc 1 237 23 is_stmt 0 view .LVU117
 374 0022 0362     		str	r3, [r0, #32]
 238:Src/main.c    ****   hspi1.Init.CRCCalculation = SPI_CRCCALCULATION_DISABLE;
 375              		.loc 1 238 3 is_stmt 1 view .LVU118
 238:Src/main.c    ****   hspi1.Init.CRCCalculation = SPI_CRCCALCULATION_DISABLE;
 376              		.loc 1 238 21 is_stmt 0 view .LVU119
 377 0024 4362     		str	r3, [r0, #36]
 239:Src/main.c    ****   hspi1.Init.CRCPolynomial = 10;
 378              		.loc 1 239 3 is_stmt 1 view .LVU120
 239:Src/main.c    ****   hspi1.Init.CRCPolynomial = 10;
 379              		.loc 1 239 29 is_stmt 0 view .LVU121
 380 0026 8362     		str	r3, [r0, #40]
 240:Src/main.c    ****   if (HAL_SPI_Init(&hspi1) != HAL_OK)
 381              		.loc 1 240 3 is_stmt 1 view .LVU122
 240:Src/main.c    ****   if (HAL_SPI_Init(&hspi1) != HAL_OK)
 382              		.loc 1 240 28 is_stmt 0 view .LVU123
 383 0028 0A23     		movs	r3, #10
 384 002a C362     		str	r3, [r0, #44]
 241:Src/main.c    ****   {
 385              		.loc 1 241 3 is_stmt 1 view .LVU124
 241:Src/main.c    ****   {
 386              		.loc 1 241 7 is_stmt 0 view .LVU125
 387 002c FFF7FEFF 		bl	HAL_SPI_Init
 388              	.LVL7:
 243:Src/main.c    ****   }
 389              		.loc 1 243 5 is_stmt 1 view .LVU126
 249:Src/main.c    **** 
 390              		.loc 1 249 1 is_stmt 0 view .LVU127
 391 0030 08BD     		pop	{r3, pc}
 392              	.L16:
 393 0032 00BF     		.align	2
 394              	.L15:
 395 0034 00000000 		.word	hspi1
 396 0038 00300140 		.word	1073819648
 397              		.cfi_endproc
 398              	.LFE129:
 400              		.section	.text.SystemClock_Config,"ax",%progbits
 401              		.align	1
 402              		.global	SystemClock_Config
 403              		.syntax unified
 404              		.thumb
 405              		.thumb_func
 407              	SystemClock_Config:
 408              	.LFB127:
 141:Src/main.c    ****   RCC_OscInitTypeDef RCC_OscInitStruct = {0};
ARM GAS  C:\Users\migel\AppData\Local\Temp\cc9cfRAQ.s 			page 15


 409              		.loc 1 141 1 is_stmt 1 view -0
 410              		.cfi_startproc
 411              		@ args = 0, pretend = 0, frame = 80
 412              		@ frame_needed = 0, uses_anonymous_args = 0
 413 0000 30B5     		push	{r4, r5, lr}
 414              	.LCFI6:
 415              		.cfi_def_cfa_offset 12
 416              		.cfi_offset 4, -12
 417              		.cfi_offset 5, -8
 418              		.cfi_offset 14, -4
 419 0002 95B0     		sub	sp, sp, #84
 420              	.LCFI7:
 421              		.cfi_def_cfa_offset 96
 142:Src/main.c    ****   RCC_ClkInitTypeDef RCC_ClkInitStruct = {0};
 422              		.loc 1 142 3 view .LVU129
 142:Src/main.c    ****   RCC_ClkInitTypeDef RCC_ClkInitStruct = {0};
 423              		.loc 1 142 22 is_stmt 0 view .LVU130
 424 0004 3022     		movs	r2, #48
 425 0006 0021     		movs	r1, #0
 426 0008 08A8     		add	r0, sp, #32
 427 000a FFF7FEFF 		bl	memset
 428              	.LVL8:
 143:Src/main.c    **** 
 429              		.loc 1 143 3 is_stmt 1 view .LVU131
 143:Src/main.c    **** 
 430              		.loc 1 143 22 is_stmt 0 view .LVU132
 431 000e 0024     		movs	r4, #0
 432 0010 0394     		str	r4, [sp, #12]
 433 0012 0494     		str	r4, [sp, #16]
 434 0014 0594     		str	r4, [sp, #20]
 435 0016 0694     		str	r4, [sp, #24]
 436 0018 0794     		str	r4, [sp, #28]
 147:Src/main.c    ****   __HAL_PWR_VOLTAGESCALING_CONFIG(PWR_REGULATOR_VOLTAGE_SCALE2);
 437              		.loc 1 147 3 is_stmt 1 view .LVU133
 438              	.LBB6:
 147:Src/main.c    ****   __HAL_PWR_VOLTAGESCALING_CONFIG(PWR_REGULATOR_VOLTAGE_SCALE2);
 439              		.loc 1 147 3 view .LVU134
 440 001a 0194     		str	r4, [sp, #4]
 147:Src/main.c    ****   __HAL_PWR_VOLTAGESCALING_CONFIG(PWR_REGULATOR_VOLTAGE_SCALE2);
 441              		.loc 1 147 3 view .LVU135
 442 001c 1B4B     		ldr	r3, .L19
 443 001e 1A6C     		ldr	r2, [r3, #64]
 444 0020 42F08052 		orr	r2, r2, #268435456
 445 0024 1A64     		str	r2, [r3, #64]
 147:Src/main.c    ****   __HAL_PWR_VOLTAGESCALING_CONFIG(PWR_REGULATOR_VOLTAGE_SCALE2);
 446              		.loc 1 147 3 view .LVU136
 447 0026 1B6C     		ldr	r3, [r3, #64]
 448 0028 03F08053 		and	r3, r3, #268435456
 449 002c 0193     		str	r3, [sp, #4]
 147:Src/main.c    ****   __HAL_PWR_VOLTAGESCALING_CONFIG(PWR_REGULATOR_VOLTAGE_SCALE2);
 450              		.loc 1 147 3 view .LVU137
 451 002e 019B     		ldr	r3, [sp, #4]
 452              	.LBE6:
 147:Src/main.c    ****   __HAL_PWR_VOLTAGESCALING_CONFIG(PWR_REGULATOR_VOLTAGE_SCALE2);
 453              		.loc 1 147 3 view .LVU138
 148:Src/main.c    ****   /**Initializes the CPU, AHB and APB busses clocks
 454              		.loc 1 148 3 view .LVU139
ARM GAS  C:\Users\migel\AppData\Local\Temp\cc9cfRAQ.s 			page 16


 455              	.LBB7:
 148:Src/main.c    ****   /**Initializes the CPU, AHB and APB busses clocks
 456              		.loc 1 148 3 view .LVU140
 457 0030 0294     		str	r4, [sp, #8]
 148:Src/main.c    ****   /**Initializes the CPU, AHB and APB busses clocks
 458              		.loc 1 148 3 view .LVU141
 459 0032 174A     		ldr	r2, .L19+4
 460 0034 1368     		ldr	r3, [r2]
 461 0036 23F44043 		bic	r3, r3, #49152
 462 003a 43F40043 		orr	r3, r3, #32768
 463 003e 1360     		str	r3, [r2]
 148:Src/main.c    ****   /**Initializes the CPU, AHB and APB busses clocks
 464              		.loc 1 148 3 view .LVU142
 465 0040 1368     		ldr	r3, [r2]
 466 0042 03F44043 		and	r3, r3, #49152
 467 0046 0293     		str	r3, [sp, #8]
 148:Src/main.c    ****   /**Initializes the CPU, AHB and APB busses clocks
 468              		.loc 1 148 3 view .LVU143
 469 0048 029B     		ldr	r3, [sp, #8]
 470              	.LBE7:
 148:Src/main.c    ****   /**Initializes the CPU, AHB and APB busses clocks
 471              		.loc 1 148 3 view .LVU144
 151:Src/main.c    ****   RCC_OscInitStruct.HSIState = RCC_HSI_ON;
 472              		.loc 1 151 3 view .LVU145
 151:Src/main.c    ****   RCC_OscInitStruct.HSIState = RCC_HSI_ON;
 473              		.loc 1 151 36 is_stmt 0 view .LVU146
 474 004a 0225     		movs	r5, #2
 475 004c 0895     		str	r5, [sp, #32]
 152:Src/main.c    ****   RCC_OscInitStruct.HSICalibrationValue = RCC_HSICALIBRATION_DEFAULT;
 476              		.loc 1 152 3 is_stmt 1 view .LVU147
 152:Src/main.c    ****   RCC_OscInitStruct.HSICalibrationValue = RCC_HSICALIBRATION_DEFAULT;
 477              		.loc 1 152 30 is_stmt 0 view .LVU148
 478 004e 0123     		movs	r3, #1
 479 0050 0B93     		str	r3, [sp, #44]
 153:Src/main.c    ****   RCC_OscInitStruct.PLL.PLLState = RCC_PLL_ON;
 480              		.loc 1 153 3 is_stmt 1 view .LVU149
 153:Src/main.c    ****   RCC_OscInitStruct.PLL.PLLState = RCC_PLL_ON;
 481              		.loc 1 153 41 is_stmt 0 view .LVU150
 482 0052 1023     		movs	r3, #16
 483 0054 0C93     		str	r3, [sp, #48]
 154:Src/main.c    ****   RCC_OscInitStruct.PLL.PLLSource = RCC_PLLSOURCE_HSI;
 484              		.loc 1 154 3 is_stmt 1 view .LVU151
 154:Src/main.c    ****   RCC_OscInitStruct.PLL.PLLSource = RCC_PLLSOURCE_HSI;
 485              		.loc 1 154 34 is_stmt 0 view .LVU152
 486 0056 0E95     		str	r5, [sp, #56]
 155:Src/main.c    ****   RCC_OscInitStruct.PLL.PLLM = 16;
 487              		.loc 1 155 3 is_stmt 1 view .LVU153
 155:Src/main.c    ****   RCC_OscInitStruct.PLL.PLLM = 16;
 488              		.loc 1 155 35 is_stmt 0 view .LVU154
 489 0058 0F94     		str	r4, [sp, #60]
 156:Src/main.c    ****   RCC_OscInitStruct.PLL.PLLN = 336;
 490              		.loc 1 156 3 is_stmt 1 view .LVU155
 156:Src/main.c    ****   RCC_OscInitStruct.PLL.PLLN = 336;
 491              		.loc 1 156 30 is_stmt 0 view .LVU156
 492 005a 1093     		str	r3, [sp, #64]
 157:Src/main.c    ****   RCC_OscInitStruct.PLL.PLLP = RCC_PLLP_DIV4;
 493              		.loc 1 157 3 is_stmt 1 view .LVU157
ARM GAS  C:\Users\migel\AppData\Local\Temp\cc9cfRAQ.s 			page 17


 157:Src/main.c    ****   RCC_OscInitStruct.PLL.PLLP = RCC_PLLP_DIV4;
 494              		.loc 1 157 30 is_stmt 0 view .LVU158
 495 005c 4FF4A873 		mov	r3, #336
 496 0060 1193     		str	r3, [sp, #68]
 158:Src/main.c    ****   RCC_OscInitStruct.PLL.PLLQ = 7;
 497              		.loc 1 158 3 is_stmt 1 view .LVU159
 158:Src/main.c    ****   RCC_OscInitStruct.PLL.PLLQ = 7;
 498              		.loc 1 158 30 is_stmt 0 view .LVU160
 499 0062 0423     		movs	r3, #4
 500 0064 1293     		str	r3, [sp, #72]
 159:Src/main.c    ****   if (HAL_RCC_OscConfig(&RCC_OscInitStruct) != HAL_OK)
 501              		.loc 1 159 3 is_stmt 1 view .LVU161
 159:Src/main.c    ****   if (HAL_RCC_OscConfig(&RCC_OscInitStruct) != HAL_OK)
 502              		.loc 1 159 30 is_stmt 0 view .LVU162
 503 0066 0723     		movs	r3, #7
 504 0068 1393     		str	r3, [sp, #76]
 160:Src/main.c    ****   {
 505              		.loc 1 160 3 is_stmt 1 view .LVU163
 160:Src/main.c    ****   {
 506              		.loc 1 160 7 is_stmt 0 view .LVU164
 507 006a 08A8     		add	r0, sp, #32
 508 006c FFF7FEFF 		bl	HAL_RCC_OscConfig
 509              	.LVL9:
 162:Src/main.c    ****   }
 510              		.loc 1 162 5 is_stmt 1 view .LVU165
 166:Src/main.c    ****                               |RCC_CLOCKTYPE_PCLK1|RCC_CLOCKTYPE_PCLK2;
 511              		.loc 1 166 3 view .LVU166
 166:Src/main.c    ****                               |RCC_CLOCKTYPE_PCLK1|RCC_CLOCKTYPE_PCLK2;
 512              		.loc 1 166 31 is_stmt 0 view .LVU167
 513 0070 0F23     		movs	r3, #15
 514 0072 0393     		str	r3, [sp, #12]
 168:Src/main.c    ****   RCC_ClkInitStruct.AHBCLKDivider = RCC_SYSCLK_DIV1;
 515              		.loc 1 168 3 is_stmt 1 view .LVU168
 168:Src/main.c    ****   RCC_ClkInitStruct.AHBCLKDivider = RCC_SYSCLK_DIV1;
 516              		.loc 1 168 34 is_stmt 0 view .LVU169
 517 0074 0495     		str	r5, [sp, #16]
 169:Src/main.c    ****   RCC_ClkInitStruct.APB1CLKDivider = RCC_HCLK_DIV2;
 518              		.loc 1 169 3 is_stmt 1 view .LVU170
 169:Src/main.c    ****   RCC_ClkInitStruct.APB1CLKDivider = RCC_HCLK_DIV2;
 519              		.loc 1 169 35 is_stmt 0 view .LVU171
 520 0076 0594     		str	r4, [sp, #20]
 170:Src/main.c    ****   RCC_ClkInitStruct.APB2CLKDivider = RCC_HCLK_DIV1;
 521              		.loc 1 170 3 is_stmt 1 view .LVU172
 170:Src/main.c    ****   RCC_ClkInitStruct.APB2CLKDivider = RCC_HCLK_DIV1;
 522              		.loc 1 170 36 is_stmt 0 view .LVU173
 523 0078 4FF48053 		mov	r3, #4096
 524 007c 0693     		str	r3, [sp, #24]
 171:Src/main.c    **** 
 525              		.loc 1 171 3 is_stmt 1 view .LVU174
 171:Src/main.c    **** 
 526              		.loc 1 171 36 is_stmt 0 view .LVU175
 527 007e 0794     		str	r4, [sp, #28]
 173:Src/main.c    ****   {
 528              		.loc 1 173 3 is_stmt 1 view .LVU176
 173:Src/main.c    ****   {
 529              		.loc 1 173 7 is_stmt 0 view .LVU177
 530 0080 2946     		mov	r1, r5
ARM GAS  C:\Users\migel\AppData\Local\Temp\cc9cfRAQ.s 			page 18


 531 0082 03A8     		add	r0, sp, #12
 532 0084 FFF7FEFF 		bl	HAL_RCC_ClockConfig
 533              	.LVL10:
 175:Src/main.c    ****   }
 534              		.loc 1 175 5 is_stmt 1 view .LVU178
 177:Src/main.c    **** 
 535              		.loc 1 177 1 is_stmt 0 view .LVU179
 536 0088 15B0     		add	sp, sp, #84
 537              	.LCFI8:
 538              		.cfi_def_cfa_offset 12
 539              		@ sp needed
 540 008a 30BD     		pop	{r4, r5, pc}
 541              	.L20:
 542              		.align	2
 543              	.L19:
 544 008c 00380240 		.word	1073887232
 545 0090 00700040 		.word	1073770496
 546              		.cfi_endproc
 547              	.LFE127:
 549              		.section	.text.main,"ax",%progbits
 550              		.align	1
 551              		.global	main
 552              		.syntax unified
 553              		.thumb
 554              		.thumb_func
 556              	main:
 557              	.LFB126:
  95:Src/main.c    ****   /* USER CODE BEGIN 1 */
 558              		.loc 1 95 1 is_stmt 1 view -0
 559              		.cfi_startproc
 560              		@ Volatile: function does not return.
 561              		@ args = 0, pretend = 0, frame = 0
 562              		@ frame_needed = 0, uses_anonymous_args = 0
 563 0000 08B5     		push	{r3, lr}
 564              	.LCFI9:
 565              		.cfi_def_cfa_offset 8
 566              		.cfi_offset 3, -8
 567              		.cfi_offset 14, -4
 103:Src/main.c    **** 
 568              		.loc 1 103 3 view .LVU181
 569 0002 FFF7FEFF 		bl	HAL_Init
 570              	.LVL11:
 110:Src/main.c    **** 
 571              		.loc 1 110 3 view .LVU182
 572 0006 FFF7FEFF 		bl	SystemClock_Config
 573              	.LVL12:
 117:Src/main.c    ****   MX_USART2_UART_Init();
 574              		.loc 1 117 3 view .LVU183
 575 000a FFF7FEFF 		bl	MX_GPIO_Init
 576              	.LVL13:
 118:Src/main.c    ****   MX_I2C1_Init();
 577              		.loc 1 118 3 view .LVU184
 578 000e FFF7FEFF 		bl	MX_USART2_UART_Init
 579              	.LVL14:
 119:Src/main.c    ****   MX_SPI1_Init();
 580              		.loc 1 119 3 view .LVU185
 581 0012 FFF7FEFF 		bl	MX_I2C1_Init
ARM GAS  C:\Users\migel\AppData\Local\Temp\cc9cfRAQ.s 			page 19


 582              	.LVL15:
 120:Src/main.c    ****   /* USER CODE BEGIN 2 */
 583              		.loc 1 120 3 view .LVU186
 584 0016 FFF7FEFF 		bl	MX_SPI1_Init
 585              	.LVL16:
 586              	.L22:
 127:Src/main.c    ****   {
 587              		.loc 1 127 3 view .LVU187
 132:Src/main.c    ****   /* USER CODE END 3 */
 588              		.loc 1 132 3 view .LVU188
 127:Src/main.c    ****   {
 589              		.loc 1 127 9 view .LVU189
 590 001a FEE7     		b	.L22
 591              		.cfi_endproc
 592              	.LFE126:
 594              		.section	.text.Error_Handler,"ax",%progbits
 595              		.align	1
 596              		.global	Error_Handler
 597              		.syntax unified
 598              		.thumb
 599              		.thumb_func
 601              	Error_Handler:
 602              	.LFB132:
 326:Src/main.c    **** 
 327:Src/main.c    **** /* USER CODE BEGIN 4 */
 328:Src/main.c    **** 
 329:Src/main.c    **** /* USER CODE END 4 */
 330:Src/main.c    **** 
 331:Src/main.c    **** /**
 332:Src/main.c    ****   * @brief  This function is executed in case of error occurrence.
 333:Src/main.c    ****   * @retval None
 334:Src/main.c    ****   */
 335:Src/main.c    **** void Error_Handler(void)
 336:Src/main.c    **** {
 603              		.loc 1 336 1 view -0
 604              		.cfi_startproc
 605              		@ args = 0, pretend = 0, frame = 0
 606              		@ frame_needed = 0, uses_anonymous_args = 0
 607              		@ link register save eliminated.
 337:Src/main.c    ****   /* USER CODE BEGIN Error_Handler_Debug */
 338:Src/main.c    ****   /* User can add his own implementation to report the HAL error return state */
 339:Src/main.c    **** 
 340:Src/main.c    ****   /* USER CODE END Error_Handler_Debug */
 341:Src/main.c    **** }
 608              		.loc 1 341 1 view .LVU191
 609 0000 7047     		bx	lr
 610              		.cfi_endproc
 611              	.LFE132:
 613              		.global	huart2
 614              		.section	.bss.huart2,"aw",%nobits
 615              		.align	2
 618              	huart2:
 619 0000 00000000 		.space	64
 619      00000000 
 619      00000000 
 619      00000000 
 619      00000000 
ARM GAS  C:\Users\migel\AppData\Local\Temp\cc9cfRAQ.s 			page 20


 620              		.global	hspi1
 621              		.section	.bss.hspi1,"aw",%nobits
 622              		.align	2
 625              	hspi1:
 626 0000 00000000 		.space	88
 626      00000000 
 626      00000000 
 626      00000000 
 626      00000000 
 627              		.global	hi2c1
 628              		.section	.bss.hi2c1,"aw",%nobits
 629              		.align	2
 632              	hi2c1:
 633 0000 00000000 		.space	84
 633      00000000 
 633      00000000 
 633      00000000 
 633      00000000 
 634              		.text
 635              	.Letext0:
 636              		.file 2 "C:/Program Files (x86)/Arm GNU Toolchain arm-none-eabi/13.2 Rel1/arm-none-eabi/include/ma
 637              		.file 3 "C:/Program Files (x86)/Arm GNU Toolchain arm-none-eabi/13.2 Rel1/arm-none-eabi/include/sy
 638              		.file 4 "Drivers/CMSIS/Device/ST/STM32F4xx/Include/stm32f401xe.h"
 639              		.file 5 "Drivers/STM32F4xx_HAL_Driver/Inc/stm32f4xx_hal_def.h"
 640              		.file 6 "Drivers/STM32F4xx_HAL_Driver/Inc/stm32f4xx_hal_rcc_ex.h"
 641              		.file 7 "Drivers/STM32F4xx_HAL_Driver/Inc/stm32f4xx_hal_rcc.h"
 642              		.file 8 "Drivers/STM32F4xx_HAL_Driver/Inc/stm32f4xx_hal_gpio.h"
 643              		.file 9 "Drivers/STM32F4xx_HAL_Driver/Inc/stm32f4xx_hal_dma.h"
 644              		.file 10 "Drivers/STM32F4xx_HAL_Driver/Inc/stm32f4xx_hal_i2c.h"
 645              		.file 11 "Drivers/STM32F4xx_HAL_Driver/Inc/stm32f4xx_hal_spi.h"
 646              		.file 12 "Drivers/STM32F4xx_HAL_Driver/Inc/stm32f4xx_hal_uart.h"
 647              		.file 13 "Drivers/STM32F4xx_HAL_Driver/Inc/stm32f4xx_hal.h"
 648              		.file 14 "<built-in>"
ARM GAS  C:\Users\migel\AppData\Local\Temp\cc9cfRAQ.s 			page 21


DEFINED SYMBOLS
                            *ABS*:00000000 main.c
C:\Users\migel\AppData\Local\Temp\cc9cfRAQ.s:21     .text.MX_GPIO_Init:00000000 $t
C:\Users\migel\AppData\Local\Temp\cc9cfRAQ.s:26     .text.MX_GPIO_Init:00000000 MX_GPIO_Init
C:\Users\migel\AppData\Local\Temp\cc9cfRAQ.s:192    .text.MX_GPIO_Init:000000bc $d
C:\Users\migel\AppData\Local\Temp\cc9cfRAQ.s:200    .text.MX_USART2_UART_Init:00000000 $t
C:\Users\migel\AppData\Local\Temp\cc9cfRAQ.s:205    .text.MX_USART2_UART_Init:00000000 MX_USART2_UART_Init
C:\Users\migel\AppData\Local\Temp\cc9cfRAQ.s:255    .text.MX_USART2_UART_Init:00000024 $d
C:\Users\migel\AppData\Local\Temp\cc9cfRAQ.s:618    .bss.huart2:00000000 huart2
C:\Users\migel\AppData\Local\Temp\cc9cfRAQ.s:261    .text.MX_I2C1_Init:00000000 $t
C:\Users\migel\AppData\Local\Temp\cc9cfRAQ.s:266    .text.MX_I2C1_Init:00000000 MX_I2C1_Init
C:\Users\migel\AppData\Local\Temp\cc9cfRAQ.s:319    .text.MX_I2C1_Init:00000028 $d
C:\Users\migel\AppData\Local\Temp\cc9cfRAQ.s:632    .bss.hi2c1:00000000 hi2c1
C:\Users\migel\AppData\Local\Temp\cc9cfRAQ.s:326    .text.MX_SPI1_Init:00000000 $t
C:\Users\migel\AppData\Local\Temp\cc9cfRAQ.s:331    .text.MX_SPI1_Init:00000000 MX_SPI1_Init
C:\Users\migel\AppData\Local\Temp\cc9cfRAQ.s:395    .text.MX_SPI1_Init:00000034 $d
C:\Users\migel\AppData\Local\Temp\cc9cfRAQ.s:625    .bss.hspi1:00000000 hspi1
C:\Users\migel\AppData\Local\Temp\cc9cfRAQ.s:401    .text.SystemClock_Config:00000000 $t
C:\Users\migel\AppData\Local\Temp\cc9cfRAQ.s:407    .text.SystemClock_Config:00000000 SystemClock_Config
C:\Users\migel\AppData\Local\Temp\cc9cfRAQ.s:544    .text.SystemClock_Config:0000008c $d
C:\Users\migel\AppData\Local\Temp\cc9cfRAQ.s:550    .text.main:00000000 $t
C:\Users\migel\AppData\Local\Temp\cc9cfRAQ.s:556    .text.main:00000000 main
C:\Users\migel\AppData\Local\Temp\cc9cfRAQ.s:595    .text.Error_Handler:00000000 $t
C:\Users\migel\AppData\Local\Temp\cc9cfRAQ.s:601    .text.Error_Handler:00000000 Error_Handler
C:\Users\migel\AppData\Local\Temp\cc9cfRAQ.s:615    .bss.huart2:00000000 $d
C:\Users\migel\AppData\Local\Temp\cc9cfRAQ.s:622    .bss.hspi1:00000000 $d
C:\Users\migel\AppData\Local\Temp\cc9cfRAQ.s:629    .bss.hi2c1:00000000 $d

UNDEFINED SYMBOLS
HAL_GPIO_WritePin
HAL_GPIO_Init
HAL_UART_Init
HAL_I2C_Init
HAL_SPI_Init
memset
HAL_RCC_OscConfig
HAL_RCC_ClockConfig
HAL_Init
