ARM GAS  C:\Users\migel\AppData\Local\Temp\ccRp4rq6.s 			page 1


   1              		.cpu cortex-m4
   2              		.arch armv7e-m
   3              		.fpu fpv4-sp-d16
   4              		.eabi_attribute 27, 1
   5              		.eabi_attribute 28, 1
   6              		.eabi_attribute 20, 1
   7              		.eabi_attribute 21, 1
   8              		.eabi_attribute 23, 3
   9              		.eabi_attribute 24, 1
  10              		.eabi_attribute 25, 1
  11              		.eabi_attribute 26, 1
  12              		.eabi_attribute 30, 1
  13              		.eabi_attribute 34, 1
  14              		.eabi_attribute 18, 4
  15              		.file	"stm32f4xx_it.c"
  16              		.text
  17              	.Ltext0:
  18              		.cfi_sections	.debug_frame
  19              		.file 1 "Src/stm32f4xx_it.c"
  20              		.section	.text.NMI_Handler,"ax",%progbits
  21              		.align	1
  22              		.global	NMI_Handler
  23              		.syntax unified
  24              		.thumb
  25              		.thumb_func
  27              	NMI_Handler:
  28              	.LFB126:
   1:Src/stm32f4xx_it.c **** /* USER CODE BEGIN Header */
   2:Src/stm32f4xx_it.c **** /**
   3:Src/stm32f4xx_it.c ****   ******************************************************************************
   4:Src/stm32f4xx_it.c ****   * @file    stm32f4xx_it.c
   5:Src/stm32f4xx_it.c ****   * @brief   Interrupt Service Routines.
   6:Src/stm32f4xx_it.c ****   ******************************************************************************
   7:Src/stm32f4xx_it.c ****   *
   8:Src/stm32f4xx_it.c ****   * COPYRIGHT(c) 2024 STMicroelectronics
   9:Src/stm32f4xx_it.c ****   *
  10:Src/stm32f4xx_it.c ****   * Redistribution and use in source and binary forms, with or without modification,
  11:Src/stm32f4xx_it.c ****   * are permitted provided that the following conditions are met:
  12:Src/stm32f4xx_it.c ****   *   1. Redistributions of source code must retain the above copyright notice,
  13:Src/stm32f4xx_it.c ****   *      this list of conditions and the following disclaimer.
  14:Src/stm32f4xx_it.c ****   *   2. Redistributions in binary form must reproduce the above copyright notice,
  15:Src/stm32f4xx_it.c ****   *      this list of conditions and the following disclaimer in the documentation
  16:Src/stm32f4xx_it.c ****   *      and/or other materials provided with the distribution.
  17:Src/stm32f4xx_it.c ****   *   3. Neither the name of STMicroelectronics nor the names of its contributors
  18:Src/stm32f4xx_it.c ****   *      may be used to endorse or promote products derived from this software
  19:Src/stm32f4xx_it.c ****   *      without specific prior written permission.
  20:Src/stm32f4xx_it.c ****   *
  21:Src/stm32f4xx_it.c ****   * THIS SOFTWARE IS PROVIDED BY THE COPYRIGHT HOLDERS AND CONTRIBUTORS "AS IS"
  22:Src/stm32f4xx_it.c ****   * AND ANY EXPRESS OR IMPLIED WARRANTIES, INCLUDING, BUT NOT LIMITED TO, THE
  23:Src/stm32f4xx_it.c ****   * IMPLIED WARRANTIES OF MERCHANTABILITY AND FITNESS FOR A PARTICULAR PURPOSE ARE
  24:Src/stm32f4xx_it.c ****   * DISCLAIMED. IN NO EVENT SHALL THE COPYRIGHT HOLDER OR CONTRIBUTORS BE LIABLE
  25:Src/stm32f4xx_it.c ****   * FOR ANY DIRECT, INDIRECT, INCIDENTAL, SPECIAL, EXEMPLARY, OR CONSEQUENTIAL
  26:Src/stm32f4xx_it.c ****   * DAMAGES (INCLUDING, BUT NOT LIMITED TO, PROCUREMENT OF SUBSTITUTE GOODS OR
  27:Src/stm32f4xx_it.c ****   * SERVICES; LOSS OF USE, DATA, OR PROFITS; OR BUSINESS INTERRUPTION) HOWEVER
  28:Src/stm32f4xx_it.c ****   * CAUSED AND ON ANY THEORY OF LIABILITY, WHETHER IN CONTRACT, STRICT LIABILITY,
  29:Src/stm32f4xx_it.c ****   * OR TORT (INCLUDING NEGLIGENCE OR OTHERWISE) ARISING IN ANY WAY OUT OF THE USE
  30:Src/stm32f4xx_it.c ****   * OF THIS SOFTWARE, EVEN IF ADVISED OF THE POSSIBILITY OF SUCH DAMAGE.
ARM GAS  C:\Users\migel\AppData\Local\Temp\ccRp4rq6.s 			page 2


  31:Src/stm32f4xx_it.c ****   *
  32:Src/stm32f4xx_it.c ****   ******************************************************************************
  33:Src/stm32f4xx_it.c ****   */
  34:Src/stm32f4xx_it.c **** /* USER CODE END Header */
  35:Src/stm32f4xx_it.c **** 
  36:Src/stm32f4xx_it.c **** /* Includes ------------------------------------------------------------------*/
  37:Src/stm32f4xx_it.c **** #include "main.h"
  38:Src/stm32f4xx_it.c **** #include "stm32f4xx_it.h"
  39:Src/stm32f4xx_it.c **** /* Private includes ----------------------------------------------------------*/
  40:Src/stm32f4xx_it.c **** /* USER CODE BEGIN Includes */
  41:Src/stm32f4xx_it.c **** /* USER CODE END Includes */
  42:Src/stm32f4xx_it.c **** 
  43:Src/stm32f4xx_it.c **** /* Private typedef -----------------------------------------------------------*/
  44:Src/stm32f4xx_it.c **** /* USER CODE BEGIN TD */
  45:Src/stm32f4xx_it.c **** 
  46:Src/stm32f4xx_it.c **** /* USER CODE END TD */
  47:Src/stm32f4xx_it.c **** 
  48:Src/stm32f4xx_it.c **** /* Private define ------------------------------------------------------------*/
  49:Src/stm32f4xx_it.c **** /* USER CODE BEGIN PD */
  50:Src/stm32f4xx_it.c **** 
  51:Src/stm32f4xx_it.c **** /* USER CODE END PD */
  52:Src/stm32f4xx_it.c **** 
  53:Src/stm32f4xx_it.c **** /* Private macro -------------------------------------------------------------*/
  54:Src/stm32f4xx_it.c **** /* USER CODE BEGIN PM */
  55:Src/stm32f4xx_it.c **** 
  56:Src/stm32f4xx_it.c **** /* USER CODE END PM */
  57:Src/stm32f4xx_it.c **** 
  58:Src/stm32f4xx_it.c **** /* Private variables ---------------------------------------------------------*/
  59:Src/stm32f4xx_it.c **** /* USER CODE BEGIN PV */
  60:Src/stm32f4xx_it.c **** 
  61:Src/stm32f4xx_it.c **** /* USER CODE END PV */
  62:Src/stm32f4xx_it.c **** 
  63:Src/stm32f4xx_it.c **** /* Private function prototypes -----------------------------------------------*/
  64:Src/stm32f4xx_it.c **** /* USER CODE BEGIN PFP */
  65:Src/stm32f4xx_it.c **** 
  66:Src/stm32f4xx_it.c **** /* USER CODE END PFP */
  67:Src/stm32f4xx_it.c **** 
  68:Src/stm32f4xx_it.c **** /* Private user code ---------------------------------------------------------*/
  69:Src/stm32f4xx_it.c **** /* USER CODE BEGIN 0 */
  70:Src/stm32f4xx_it.c **** 
  71:Src/stm32f4xx_it.c **** /* USER CODE END 0 */
  72:Src/stm32f4xx_it.c **** 
  73:Src/stm32f4xx_it.c **** /* External variables --------------------------------------------------------*/
  74:Src/stm32f4xx_it.c **** /* USER CODE BEGIN EV */
  75:Src/stm32f4xx_it.c **** 
  76:Src/stm32f4xx_it.c **** /* USER CODE END EV */
  77:Src/stm32f4xx_it.c **** 
  78:Src/stm32f4xx_it.c **** /******************************************************************************/
  79:Src/stm32f4xx_it.c **** /*           Cortex-M4 Processor Interruption and Exception Handlers          */
  80:Src/stm32f4xx_it.c **** /******************************************************************************/
  81:Src/stm32f4xx_it.c **** /**
  82:Src/stm32f4xx_it.c ****   * @brief This function handles Non maskable interrupt.
  83:Src/stm32f4xx_it.c ****   */
  84:Src/stm32f4xx_it.c **** void NMI_Handler(void)
  85:Src/stm32f4xx_it.c **** {
  29              		.loc 1 85 1 view -0
  30              		.cfi_startproc
ARM GAS  C:\Users\migel\AppData\Local\Temp\ccRp4rq6.s 			page 3


  31              		@ args = 0, pretend = 0, frame = 0
  32              		@ frame_needed = 0, uses_anonymous_args = 0
  33              		@ link register save eliminated.
  86:Src/stm32f4xx_it.c ****   /* USER CODE BEGIN NonMaskableInt_IRQn 0 */
  87:Src/stm32f4xx_it.c **** 
  88:Src/stm32f4xx_it.c ****   /* USER CODE END NonMaskableInt_IRQn 0 */
  89:Src/stm32f4xx_it.c ****   /* USER CODE BEGIN NonMaskableInt_IRQn 1 */
  90:Src/stm32f4xx_it.c **** 
  91:Src/stm32f4xx_it.c ****   /* USER CODE END NonMaskableInt_IRQn 1 */
  92:Src/stm32f4xx_it.c **** }
  34              		.loc 1 92 1 view .LVU1
  35 0000 7047     		bx	lr
  36              		.cfi_endproc
  37              	.LFE126:
  39              		.section	.text.HardFault_Handler,"ax",%progbits
  40              		.align	1
  41              		.global	HardFault_Handler
  42              		.syntax unified
  43              		.thumb
  44              		.thumb_func
  46              	HardFault_Handler:
  47              	.LFB127:
  93:Src/stm32f4xx_it.c **** 
  94:Src/stm32f4xx_it.c **** /**
  95:Src/stm32f4xx_it.c ****   * @brief This function handles Hard fault interrupt.
  96:Src/stm32f4xx_it.c ****   */
  97:Src/stm32f4xx_it.c **** void HardFault_Handler(void)
  98:Src/stm32f4xx_it.c **** {
  48              		.loc 1 98 1 view -0
  49              		.cfi_startproc
  50              		@ Volatile: function does not return.
  51              		@ args = 0, pretend = 0, frame = 0
  52              		@ frame_needed = 0, uses_anonymous_args = 0
  53              		@ link register save eliminated.
  54              	.L3:
  99:Src/stm32f4xx_it.c ****   /* USER CODE BEGIN HardFault_IRQn 0 */
 100:Src/stm32f4xx_it.c **** 
 101:Src/stm32f4xx_it.c ****   /* USER CODE END HardFault_IRQn 0 */
 102:Src/stm32f4xx_it.c ****   while (1)
  55              		.loc 1 102 3 view .LVU3
 103:Src/stm32f4xx_it.c ****   {
 104:Src/stm32f4xx_it.c ****     /* USER CODE BEGIN W1_HardFault_IRQn 0 */
 105:Src/stm32f4xx_it.c ****     /* USER CODE END W1_HardFault_IRQn 0 */
 106:Src/stm32f4xx_it.c ****   }
  56              		.loc 1 106 3 view .LVU4
 102:Src/stm32f4xx_it.c ****   {
  57              		.loc 1 102 9 view .LVU5
  58 0000 FEE7     		b	.L3
  59              		.cfi_endproc
  60              	.LFE127:
  62              		.section	.text.MemManage_Handler,"ax",%progbits
  63              		.align	1
  64              		.global	MemManage_Handler
  65              		.syntax unified
  66              		.thumb
  67              		.thumb_func
  69              	MemManage_Handler:
ARM GAS  C:\Users\migel\AppData\Local\Temp\ccRp4rq6.s 			page 4


  70              	.LFB128:
 107:Src/stm32f4xx_it.c **** }
 108:Src/stm32f4xx_it.c **** 
 109:Src/stm32f4xx_it.c **** /**
 110:Src/stm32f4xx_it.c ****   * @brief This function handles Memory management fault.
 111:Src/stm32f4xx_it.c ****   */
 112:Src/stm32f4xx_it.c **** void MemManage_Handler(void)
 113:Src/stm32f4xx_it.c **** {
  71              		.loc 1 113 1 view -0
  72              		.cfi_startproc
  73              		@ Volatile: function does not return.
  74              		@ args = 0, pretend = 0, frame = 0
  75              		@ frame_needed = 0, uses_anonymous_args = 0
  76              		@ link register save eliminated.
  77              	.L5:
 114:Src/stm32f4xx_it.c ****   /* USER CODE BEGIN MemoryManagement_IRQn 0 */
 115:Src/stm32f4xx_it.c **** 
 116:Src/stm32f4xx_it.c ****   /* USER CODE END MemoryManagement_IRQn 0 */
 117:Src/stm32f4xx_it.c ****   while (1)
  78              		.loc 1 117 3 view .LVU7
 118:Src/stm32f4xx_it.c ****   {
 119:Src/stm32f4xx_it.c ****     /* USER CODE BEGIN W1_MemoryManagement_IRQn 0 */
 120:Src/stm32f4xx_it.c ****     /* USER CODE END W1_MemoryManagement_IRQn 0 */
 121:Src/stm32f4xx_it.c ****   }
  79              		.loc 1 121 3 view .LVU8
 117:Src/stm32f4xx_it.c ****   {
  80              		.loc 1 117 9 view .LVU9
  81 0000 FEE7     		b	.L5
  82              		.cfi_endproc
  83              	.LFE128:
  85              		.section	.text.BusFault_Handler,"ax",%progbits
  86              		.align	1
  87              		.global	BusFault_Handler
  88              		.syntax unified
  89              		.thumb
  90              		.thumb_func
  92              	BusFault_Handler:
  93              	.LFB129:
 122:Src/stm32f4xx_it.c **** }
 123:Src/stm32f4xx_it.c **** 
 124:Src/stm32f4xx_it.c **** /**
 125:Src/stm32f4xx_it.c ****   * @brief This function handles Pre-fetch fault, memory access fault.
 126:Src/stm32f4xx_it.c ****   */
 127:Src/stm32f4xx_it.c **** void BusFault_Handler(void)
 128:Src/stm32f4xx_it.c **** {
  94              		.loc 1 128 1 view -0
  95              		.cfi_startproc
  96              		@ Volatile: function does not return.
  97              		@ args = 0, pretend = 0, frame = 0
  98              		@ frame_needed = 0, uses_anonymous_args = 0
  99              		@ link register save eliminated.
 100              	.L7:
 129:Src/stm32f4xx_it.c ****   /* USER CODE BEGIN BusFault_IRQn 0 */
 130:Src/stm32f4xx_it.c **** 
 131:Src/stm32f4xx_it.c ****   /* USER CODE END BusFault_IRQn 0 */
 132:Src/stm32f4xx_it.c ****   while (1)
 101              		.loc 1 132 3 view .LVU11
ARM GAS  C:\Users\migel\AppData\Local\Temp\ccRp4rq6.s 			page 5


 133:Src/stm32f4xx_it.c ****   {
 134:Src/stm32f4xx_it.c ****     /* USER CODE BEGIN W1_BusFault_IRQn 0 */
 135:Src/stm32f4xx_it.c ****     /* USER CODE END W1_BusFault_IRQn 0 */
 136:Src/stm32f4xx_it.c ****   }
 102              		.loc 1 136 3 view .LVU12
 132:Src/stm32f4xx_it.c ****   {
 103              		.loc 1 132 9 view .LVU13
 104 0000 FEE7     		b	.L7
 105              		.cfi_endproc
 106              	.LFE129:
 108              		.section	.text.UsageFault_Handler,"ax",%progbits
 109              		.align	1
 110              		.global	UsageFault_Handler
 111              		.syntax unified
 112              		.thumb
 113              		.thumb_func
 115              	UsageFault_Handler:
 116              	.LFB130:
 137:Src/stm32f4xx_it.c **** }
 138:Src/stm32f4xx_it.c **** 
 139:Src/stm32f4xx_it.c **** /**
 140:Src/stm32f4xx_it.c ****   * @brief This function handles Undefined instruction or illegal state.
 141:Src/stm32f4xx_it.c ****   */
 142:Src/stm32f4xx_it.c **** void UsageFault_Handler(void)
 143:Src/stm32f4xx_it.c **** {
 117              		.loc 1 143 1 view -0
 118              		.cfi_startproc
 119              		@ Volatile: function does not return.
 120              		@ args = 0, pretend = 0, frame = 0
 121              		@ frame_needed = 0, uses_anonymous_args = 0
 122              		@ link register save eliminated.
 123              	.L9:
 144:Src/stm32f4xx_it.c ****   /* USER CODE BEGIN UsageFault_IRQn 0 */
 145:Src/stm32f4xx_it.c **** 
 146:Src/stm32f4xx_it.c ****   /* USER CODE END UsageFault_IRQn 0 */
 147:Src/stm32f4xx_it.c ****   while (1)
 124              		.loc 1 147 3 view .LVU15
 148:Src/stm32f4xx_it.c ****   {
 149:Src/stm32f4xx_it.c ****     /* USER CODE BEGIN W1_UsageFault_IRQn 0 */
 150:Src/stm32f4xx_it.c ****     /* USER CODE END W1_UsageFault_IRQn 0 */
 151:Src/stm32f4xx_it.c ****   }
 125              		.loc 1 151 3 view .LVU16
 147:Src/stm32f4xx_it.c ****   {
 126              		.loc 1 147 9 view .LVU17
 127 0000 FEE7     		b	.L9
 128              		.cfi_endproc
 129              	.LFE130:
 131              		.section	.text.SVC_Handler,"ax",%progbits
 132              		.align	1
 133              		.global	SVC_Handler
 134              		.syntax unified
 135              		.thumb
 136              		.thumb_func
 138              	SVC_Handler:
 139              	.LFB131:
 152:Src/stm32f4xx_it.c **** }
 153:Src/stm32f4xx_it.c **** 
ARM GAS  C:\Users\migel\AppData\Local\Temp\ccRp4rq6.s 			page 6


 154:Src/stm32f4xx_it.c **** /**
 155:Src/stm32f4xx_it.c ****   * @brief This function handles System service call via SWI instruction.
 156:Src/stm32f4xx_it.c ****   */
 157:Src/stm32f4xx_it.c **** void SVC_Handler(void)
 158:Src/stm32f4xx_it.c **** {
 140              		.loc 1 158 1 view -0
 141              		.cfi_startproc
 142              		@ args = 0, pretend = 0, frame = 0
 143              		@ frame_needed = 0, uses_anonymous_args = 0
 144              		@ link register save eliminated.
 159:Src/stm32f4xx_it.c ****   /* USER CODE BEGIN SVCall_IRQn 0 */
 160:Src/stm32f4xx_it.c **** 
 161:Src/stm32f4xx_it.c ****   /* USER CODE END SVCall_IRQn 0 */
 162:Src/stm32f4xx_it.c ****   /* USER CODE BEGIN SVCall_IRQn 1 */
 163:Src/stm32f4xx_it.c **** 
 164:Src/stm32f4xx_it.c ****   /* USER CODE END SVCall_IRQn 1 */
 165:Src/stm32f4xx_it.c **** }
 145              		.loc 1 165 1 view .LVU19
 146 0000 7047     		bx	lr
 147              		.cfi_endproc
 148              	.LFE131:
 150              		.section	.text.DebugMon_Handler,"ax",%progbits
 151              		.align	1
 152              		.global	DebugMon_Handler
 153              		.syntax unified
 154              		.thumb
 155              		.thumb_func
 157              	DebugMon_Handler:
 158              	.LFB132:
 166:Src/stm32f4xx_it.c **** 
 167:Src/stm32f4xx_it.c **** /**
 168:Src/stm32f4xx_it.c ****   * @brief This function handles Debug monitor.
 169:Src/stm32f4xx_it.c ****   */
 170:Src/stm32f4xx_it.c **** void DebugMon_Handler(void)
 171:Src/stm32f4xx_it.c **** {
 159              		.loc 1 171 1 view -0
 160              		.cfi_startproc
 161              		@ args = 0, pretend = 0, frame = 0
 162              		@ frame_needed = 0, uses_anonymous_args = 0
 163              		@ link register save eliminated.
 172:Src/stm32f4xx_it.c ****   /* USER CODE BEGIN DebugMonitor_IRQn 0 */
 173:Src/stm32f4xx_it.c **** 
 174:Src/stm32f4xx_it.c ****   /* USER CODE END DebugMonitor_IRQn 0 */
 175:Src/stm32f4xx_it.c ****   /* USER CODE BEGIN DebugMonitor_IRQn 1 */
 176:Src/stm32f4xx_it.c **** 
 177:Src/stm32f4xx_it.c ****   /* USER CODE END DebugMonitor_IRQn 1 */
 178:Src/stm32f4xx_it.c **** }
 164              		.loc 1 178 1 view .LVU21
 165 0000 7047     		bx	lr
 166              		.cfi_endproc
 167              	.LFE132:
 169              		.section	.text.PendSV_Handler,"ax",%progbits
 170              		.align	1
 171              		.global	PendSV_Handler
 172              		.syntax unified
 173              		.thumb
 174              		.thumb_func
ARM GAS  C:\Users\migel\AppData\Local\Temp\ccRp4rq6.s 			page 7


 176              	PendSV_Handler:
 177              	.LFB133:
 179:Src/stm32f4xx_it.c **** 
 180:Src/stm32f4xx_it.c **** /**
 181:Src/stm32f4xx_it.c ****   * @brief This function handles Pendable request for system service.
 182:Src/stm32f4xx_it.c ****   */
 183:Src/stm32f4xx_it.c **** void PendSV_Handler(void)
 184:Src/stm32f4xx_it.c **** {
 178              		.loc 1 184 1 view -0
 179              		.cfi_startproc
 180              		@ args = 0, pretend = 0, frame = 0
 181              		@ frame_needed = 0, uses_anonymous_args = 0
 182              		@ link register save eliminated.
 185:Src/stm32f4xx_it.c ****   /* USER CODE BEGIN PendSV_IRQn 0 */
 186:Src/stm32f4xx_it.c **** 
 187:Src/stm32f4xx_it.c ****   /* USER CODE END PendSV_IRQn 0 */
 188:Src/stm32f4xx_it.c ****   /* USER CODE BEGIN PendSV_IRQn 1 */
 189:Src/stm32f4xx_it.c **** 
 190:Src/stm32f4xx_it.c ****   /* USER CODE END PendSV_IRQn 1 */
 191:Src/stm32f4xx_it.c **** }
 183              		.loc 1 191 1 view .LVU23
 184 0000 7047     		bx	lr
 185              		.cfi_endproc
 186              	.LFE133:
 188              		.section	.text.SysTick_Handler,"ax",%progbits
 189              		.align	1
 190              		.global	SysTick_Handler
 191              		.syntax unified
 192              		.thumb
 193              		.thumb_func
 195              	SysTick_Handler:
 196              	.LFB134:
 192:Src/stm32f4xx_it.c **** 
 193:Src/stm32f4xx_it.c **** /**
 194:Src/stm32f4xx_it.c ****   * @brief This function handles System tick timer.
 195:Src/stm32f4xx_it.c ****   */
 196:Src/stm32f4xx_it.c **** void SysTick_Handler(void)
 197:Src/stm32f4xx_it.c **** {
 197              		.loc 1 197 1 view -0
 198              		.cfi_startproc
 199              		@ args = 0, pretend = 0, frame = 0
 200              		@ frame_needed = 0, uses_anonymous_args = 0
 201 0000 08B5     		push	{r3, lr}
 202              	.LCFI0:
 203              		.cfi_def_cfa_offset 8
 204              		.cfi_offset 3, -8
 205              		.cfi_offset 14, -4
 198:Src/stm32f4xx_it.c ****   /* USER CODE BEGIN SysTick_IRQn 0 */
 199:Src/stm32f4xx_it.c **** 
 200:Src/stm32f4xx_it.c ****   /* USER CODE END SysTick_IRQn 0 */
 201:Src/stm32f4xx_it.c ****   HAL_IncTick();
 206              		.loc 1 201 3 view .LVU25
 207 0002 FFF7FEFF 		bl	HAL_IncTick
 208              	.LVL0:
 202:Src/stm32f4xx_it.c ****   /* USER CODE BEGIN SysTick_IRQn 1 */
 203:Src/stm32f4xx_it.c **** 
 204:Src/stm32f4xx_it.c ****   /* USER CODE END SysTick_IRQn 1 */
ARM GAS  C:\Users\migel\AppData\Local\Temp\ccRp4rq6.s 			page 8


 205:Src/stm32f4xx_it.c **** }
 209              		.loc 1 205 1 is_stmt 0 view .LVU26
 210 0006 08BD     		pop	{r3, pc}
 211              		.cfi_endproc
 212              	.LFE134:
 214              		.text
 215              	.Letext0:
 216              		.file 2 "Drivers/STM32F4xx_HAL_Driver/Inc/stm32f4xx_hal.h"
ARM GAS  C:\Users\migel\AppData\Local\Temp\ccRp4rq6.s 			page 9


DEFINED SYMBOLS
                            *ABS*:00000000 stm32f4xx_it.c
C:\Users\migel\AppData\Local\Temp\ccRp4rq6.s:21     .text.NMI_Handler:00000000 $t
C:\Users\migel\AppData\Local\Temp\ccRp4rq6.s:27     .text.NMI_Handler:00000000 NMI_Handler
C:\Users\migel\AppData\Local\Temp\ccRp4rq6.s:40     .text.HardFault_Handler:00000000 $t
C:\Users\migel\AppData\Local\Temp\ccRp4rq6.s:46     .text.HardFault_Handler:00000000 HardFault_Handler
C:\Users\migel\AppData\Local\Temp\ccRp4rq6.s:63     .text.MemManage_Handler:00000000 $t
C:\Users\migel\AppData\Local\Temp\ccRp4rq6.s:69     .text.MemManage_Handler:00000000 MemManage_Handler
C:\Users\migel\AppData\Local\Temp\ccRp4rq6.s:86     .text.BusFault_Handler:00000000 $t
C:\Users\migel\AppData\Local\Temp\ccRp4rq6.s:92     .text.BusFault_Handler:00000000 BusFault_Handler
C:\Users\migel\AppData\Local\Temp\ccRp4rq6.s:109    .text.UsageFault_Handler:00000000 $t
C:\Users\migel\AppData\Local\Temp\ccRp4rq6.s:115    .text.UsageFault_Handler:00000000 UsageFault_Handler
C:\Users\migel\AppData\Local\Temp\ccRp4rq6.s:132    .text.SVC_Handler:00000000 $t
C:\Users\migel\AppData\Local\Temp\ccRp4rq6.s:138    .text.SVC_Handler:00000000 SVC_Handler
C:\Users\migel\AppData\Local\Temp\ccRp4rq6.s:151    .text.DebugMon_Handler:00000000 $t
C:\Users\migel\AppData\Local\Temp\ccRp4rq6.s:157    .text.DebugMon_Handler:00000000 DebugMon_Handler
C:\Users\migel\AppData\Local\Temp\ccRp4rq6.s:170    .text.PendSV_Handler:00000000 $t
C:\Users\migel\AppData\Local\Temp\ccRp4rq6.s:176    .text.PendSV_Handler:00000000 PendSV_Handler
C:\Users\migel\AppData\Local\Temp\ccRp4rq6.s:189    .text.SysTick_Handler:00000000 $t
C:\Users\migel\AppData\Local\Temp\ccRp4rq6.s:195    .text.SysTick_Handler:00000000 SysTick_Handler

UNDEFINED SYMBOLS
HAL_IncTick
